[2024-11-28T10:03:33.196+0000] {taskinstance.py:1103} INFO - Dependencies all met for dep_context=non-requeueable deps ti=<TaskInstance: extract_dag.extract_task manual__2024-11-28T10:03:30.152092+00:00 [queued]>
[2024-11-28T10:03:33.201+0000] {taskinstance.py:1103} INFO - Dependencies all met for dep_context=requeueable deps ti=<TaskInstance: extract_dag.extract_task manual__2024-11-28T10:03:30.152092+00:00 [queued]>
[2024-11-28T10:03:33.201+0000] {taskinstance.py:1308} INFO - Starting attempt 1 of 1
[2024-11-28T10:03:33.213+0000] {taskinstance.py:1327} INFO - Executing <Task(BashOperator): extract_task> on 2024-11-28 10:03:30.152092+00:00
[2024-11-28T10:03:33.215+0000] {standard_task_runner.py:57} INFO - Started process 17603 to run task
[2024-11-28T10:03:33.218+0000] {standard_task_runner.py:84} INFO - Running: ['airflow', 'tasks', 'run', 'extract_dag', 'extract_task', 'manual__2024-11-28T10:03:30.152092+00:00', '--job-id', '6', '--raw', '--subdir', 'DAGS_FOLDER/extract_dag.py', '--cfg-path', '/tmp/tmp2dxicttd']
[2024-11-28T10:03:33.218+0000] {standard_task_runner.py:85} INFO - Job 6: Subtask extract_task
[2024-11-28T10:03:33.241+0000] {task_command.py:410} INFO - Running <TaskInstance: extract_dag.extract_task manual__2024-11-28T10:03:30.152092+00:00 [running]> on host codespaces-c5d7e2
[2024-11-28T10:03:33.278+0000] {taskinstance.py:1545} INFO - Exporting env vars: AIRFLOW_CTX_DAG_OWNER='airflow' AIRFLOW_CTX_DAG_ID='extract_dag' AIRFLOW_CTX_TASK_ID='extract_task' AIRFLOW_CTX_EXECUTION_DATE='2024-11-28T10:03:30.152092+00:00' AIRFLOW_CTX_TRY_NUMBER='1' AIRFLOW_CTX_DAG_RUN_ID='manual__2024-11-28T10:03:30.152092+00:00'
[2024-11-28T10:03:33.279+0000] {subprocess.py:63} INFO - Tmp dir root location: /tmp
[2024-11-28T10:03:33.279+0000] {subprocess.py:75} INFO - Running command: ['/usr/bin/bash', '-c', 'wget -c https://raw.githubusercontent.com/LinkedInLearning/hands-on-introduction-data-engineering-4395021/main/data/top-level-domain-names.csv -O /workspaces/hands-on-introduction-data-engineering-4395021/lab/orchestrated/airflow-extract-data.csv']
[2024-11-28T10:03:33.285+0000] {subprocess.py:86} INFO - Output:
[2024-11-28T10:03:33.323+0000] {subprocess.py:93} INFO - --2024-11-28 10:03:33--  https://raw.githubusercontent.com/LinkedInLearning/hands-on-introduction-data-engineering-4395021/main/data/top-level-domain-names.csv
[2024-11-28T10:03:33.345+0000] {subprocess.py:93} INFO - Resolving raw.githubusercontent.com (raw.githubusercontent.com)... 185.199.110.133, 185.199.111.133, 185.199.108.133, ...
[2024-11-28T10:03:33.353+0000] {subprocess.py:93} INFO - Connecting to raw.githubusercontent.com (raw.githubusercontent.com)|185.199.110.133|:443... connected.
[2024-11-28T10:03:33.637+0000] {subprocess.py:93} INFO - HTTP request sent, awaiting response... 200 OK
[2024-11-28T10:03:33.638+0000] {subprocess.py:93} INFO - Length: 42789 (42K) [text/plain]
[2024-11-28T10:03:33.638+0000] {subprocess.py:93} INFO - Saving to: ‘/workspaces/hands-on-introduction-data-engineering-4395021/lab/orchestrated/airflow-extract-data.csv’
[2024-11-28T10:03:33.638+0000] {subprocess.py:93} INFO - 
[2024-11-28T10:03:33.646+0000] {subprocess.py:93} INFO -      0K .......... .......... .......... .......... .         100% 4.84M=0.008s
[2024-11-28T10:03:33.646+0000] {subprocess.py:93} INFO - 
[2024-11-28T10:03:33.646+0000] {subprocess.py:93} INFO - 2024-11-28 10:03:33 (4.84 MB/s) - ‘/workspaces/hands-on-introduction-data-engineering-4395021/lab/orchestrated/airflow-extract-data.csv’ saved [42789/42789]
[2024-11-28T10:03:33.646+0000] {subprocess.py:93} INFO - 
[2024-11-28T10:03:33.647+0000] {subprocess.py:97} INFO - Command exited with return code 0
[2024-11-28T10:03:33.663+0000] {taskinstance.py:1345} INFO - Marking task as SUCCESS. dag_id=extract_dag, task_id=extract_task, execution_date=20241128T100330, start_date=20241128T100333, end_date=20241128T100333
[2024-11-28T10:03:33.710+0000] {local_task_job_runner.py:225} INFO - Task exited with return code 0
[2024-11-28T10:03:33.718+0000] {taskinstance.py:2653} INFO - 0 downstream tasks scheduled from follow-on schedule check
