[2024-11-28T11:12:09.267+0000] {taskinstance.py:1103} INFO - Dependencies all met for dep_context=non-requeueable deps ti=<TaskInstance: challenge_dag.extract_task manual__2024-11-28T11:12:06.741925+00:00 [queued]>
[2024-11-28T11:12:09.271+0000] {taskinstance.py:1103} INFO - Dependencies all met for dep_context=requeueable deps ti=<TaskInstance: challenge_dag.extract_task manual__2024-11-28T11:12:06.741925+00:00 [queued]>
[2024-11-28T11:12:09.271+0000] {taskinstance.py:1308} INFO - Starting attempt 1 of 1
[2024-11-28T11:12:09.281+0000] {taskinstance.py:1327} INFO - Executing <Task(BashOperator): extract_task> on 2024-11-28 11:12:06.741925+00:00
[2024-11-28T11:12:09.285+0000] {standard_task_runner.py:57} INFO - Started process 48730 to run task
[2024-11-28T11:12:09.287+0000] {standard_task_runner.py:84} INFO - Running: ['airflow', 'tasks', 'run', 'challenge_dag', 'extract_task', 'manual__2024-11-28T11:12:06.741925+00:00', '--job-id', '13', '--raw', '--subdir', 'DAGS_FOLDER/challenge_dag.py', '--cfg-path', '/tmp/tmp9ztifvu2']
[2024-11-28T11:12:09.288+0000] {standard_task_runner.py:85} INFO - Job 13: Subtask extract_task
[2024-11-28T11:12:09.312+0000] {task_command.py:410} INFO - Running <TaskInstance: challenge_dag.extract_task manual__2024-11-28T11:12:06.741925+00:00 [running]> on host codespaces-c5d7e2
[2024-11-28T11:12:09.364+0000] {taskinstance.py:1545} INFO - Exporting env vars: AIRFLOW_CTX_DAG_OWNER='airflow' AIRFLOW_CTX_DAG_ID='challenge_dag' AIRFLOW_CTX_TASK_ID='extract_task' AIRFLOW_CTX_EXECUTION_DATE='2024-11-28T11:12:06.741925+00:00' AIRFLOW_CTX_TRY_NUMBER='1' AIRFLOW_CTX_DAG_RUN_ID='manual__2024-11-28T11:12:06.741925+00:00'
[2024-11-28T11:12:09.365+0000] {subprocess.py:63} INFO - Tmp dir root location: /tmp
[2024-11-28T11:12:09.365+0000] {subprocess.py:75} INFO - Running command: ['/usr/bin/bash', '-c', 'wget -c https://raw.githubusercontent.com/LinkedInLearning/hands-on-introduction-data-engineering-4395021/main/data/constituents.csv -O /workspaces/hands-on-introduction-data-engineering-4395021/lab/challenge/challenge-extract-data.csv']
[2024-11-28T11:12:09.387+0000] {subprocess.py:86} INFO - Output:
[2024-11-28T11:12:09.401+0000] {subprocess.py:93} INFO - --2024-11-28 11:12:09--  https://raw.githubusercontent.com/LinkedInLearning/hands-on-introduction-data-engineering-4395021/main/data/constituents.csv
[2024-11-28T11:12:09.418+0000] {subprocess.py:93} INFO - Resolving raw.githubusercontent.com (raw.githubusercontent.com)... 185.199.111.133, 185.199.110.133, 185.199.108.133, ...
[2024-11-28T11:12:09.427+0000] {subprocess.py:93} INFO - Connecting to raw.githubusercontent.com (raw.githubusercontent.com)|185.199.111.133|:443... connected.
[2024-11-28T11:12:09.557+0000] {subprocess.py:93} INFO - HTTP request sent, awaiting response... 200 OK
[2024-11-28T11:12:09.558+0000] {subprocess.py:93} INFO - Length: 18676 (18K) [text/plain]
[2024-11-28T11:12:09.558+0000] {subprocess.py:93} INFO - Saving to: ‘/workspaces/hands-on-introduction-data-engineering-4395021/lab/challenge/challenge-extract-data.csv’
[2024-11-28T11:12:09.558+0000] {subprocess.py:93} INFO - 
[2024-11-28T11:12:09.559+0000] {subprocess.py:93} INFO -      0K .......... ........                                   100% 12.8M=0.001s
[2024-11-28T11:12:09.559+0000] {subprocess.py:93} INFO - 
[2024-11-28T11:12:09.559+0000] {subprocess.py:93} INFO - 2024-11-28 11:12:09 (12.8 MB/s) - ‘/workspaces/hands-on-introduction-data-engineering-4395021/lab/challenge/challenge-extract-data.csv’ saved [18676/18676]
[2024-11-28T11:12:09.559+0000] {subprocess.py:93} INFO - 
[2024-11-28T11:12:09.560+0000] {subprocess.py:97} INFO - Command exited with return code 0
[2024-11-28T11:12:09.574+0000] {taskinstance.py:1345} INFO - Marking task as SUCCESS. dag_id=challenge_dag, task_id=extract_task, execution_date=20241128T111206, start_date=20241128T111209, end_date=20241128T111209
[2024-11-28T11:12:09.621+0000] {local_task_job_runner.py:225} INFO - Task exited with return code 0
[2024-11-28T11:12:09.636+0000] {taskinstance.py:2653} INFO - 1 downstream tasks scheduled from follow-on schedule check
