[2024-11-28T10:51:12.781+0000] {processor.py:157} INFO - Started process (PID=40022) to work on /workspaces/hands-on-introduction-data-engineering-4395021/airflow/dags/basic_etl_dag.py
[2024-11-28T10:51:12.781+0000] {processor.py:826} INFO - Processing file /workspaces/hands-on-introduction-data-engineering-4395021/airflow/dags/basic_etl_dag.py for tasks to queue
[2024-11-28T10:51:12.782+0000] {logging_mixin.py:150} INFO - [2024-11-28T10:51:12.782+0000] {dagbag.py:541} INFO - Filling up the DagBag from /workspaces/hands-on-introduction-data-engineering-4395021/airflow/dags/basic_etl_dag.py
[2024-11-28T10:51:13.170+0000] {processor.py:836} INFO - DAG(s) dict_keys(['basic_etl_dag']) retrieved from /workspaces/hands-on-introduction-data-engineering-4395021/airflow/dags/basic_etl_dag.py
[2024-11-28T10:51:13.238+0000] {logging_mixin.py:150} INFO - [2024-11-28T10:51:13.238+0000] {manager.py:504} INFO - Created Permission View: can delete on DAG:basic_etl_dag
[2024-11-28T10:51:13.263+0000] {logging_mixin.py:150} INFO - [2024-11-28T10:51:13.263+0000] {manager.py:504} INFO - Created Permission View: can edit on DAG:basic_etl_dag
[2024-11-28T10:51:13.313+0000] {logging_mixin.py:150} INFO - [2024-11-28T10:51:13.312+0000] {manager.py:504} INFO - Created Permission View: can read on DAG:basic_etl_dag
[2024-11-28T10:51:13.324+0000] {logging_mixin.py:150} INFO - [2024-11-28T10:51:13.324+0000] {dag.py:2742} INFO - Sync 1 DAGs
[2024-11-28T10:51:13.334+0000] {logging_mixin.py:150} INFO - [2024-11-28T10:51:13.334+0000] {dag.py:2763} INFO - Creating ORM DAG for basic_etl_dag
[2024-11-28T10:51:13.342+0000] {logging_mixin.py:150} INFO - [2024-11-28T10:51:13.342+0000] {dag.py:3504} INFO - Setting next_dagrun for basic_etl_dag to None, run_after=None
[2024-11-28T10:51:13.355+0000] {processor.py:179} INFO - Processing /workspaces/hands-on-introduction-data-engineering-4395021/airflow/dags/basic_etl_dag.py took 0.577 seconds
[2024-11-28T10:51:44.267+0000] {processor.py:157} INFO - Started process (PID=40206) to work on /workspaces/hands-on-introduction-data-engineering-4395021/airflow/dags/basic_etl_dag.py
[2024-11-28T10:51:44.268+0000] {processor.py:826} INFO - Processing file /workspaces/hands-on-introduction-data-engineering-4395021/airflow/dags/basic_etl_dag.py for tasks to queue
[2024-11-28T10:51:44.268+0000] {logging_mixin.py:150} INFO - [2024-11-28T10:51:44.268+0000] {dagbag.py:541} INFO - Filling up the DagBag from /workspaces/hands-on-introduction-data-engineering-4395021/airflow/dags/basic_etl_dag.py
[2024-11-28T10:51:44.607+0000] {processor.py:836} INFO - DAG(s) dict_keys(['basic_etl_dag']) retrieved from /workspaces/hands-on-introduction-data-engineering-4395021/airflow/dags/basic_etl_dag.py
[2024-11-28T10:51:44.620+0000] {logging_mixin.py:150} INFO - [2024-11-28T10:51:44.620+0000] {dag.py:2742} INFO - Sync 1 DAGs
[2024-11-28T10:51:44.632+0000] {logging_mixin.py:150} INFO - [2024-11-28T10:51:44.632+0000] {dag.py:3504} INFO - Setting next_dagrun for basic_etl_dag to None, run_after=None
[2024-11-28T10:51:44.645+0000] {processor.py:179} INFO - Processing /workspaces/hands-on-introduction-data-engineering-4395021/airflow/dags/basic_etl_dag.py took 0.381 seconds
[2024-11-28T10:52:14.747+0000] {processor.py:157} INFO - Started process (PID=40464) to work on /workspaces/hands-on-introduction-data-engineering-4395021/airflow/dags/basic_etl_dag.py
[2024-11-28T10:52:14.748+0000] {processor.py:826} INFO - Processing file /workspaces/hands-on-introduction-data-engineering-4395021/airflow/dags/basic_etl_dag.py for tasks to queue
[2024-11-28T10:52:14.748+0000] {logging_mixin.py:150} INFO - [2024-11-28T10:52:14.748+0000] {dagbag.py:541} INFO - Filling up the DagBag from /workspaces/hands-on-introduction-data-engineering-4395021/airflow/dags/basic_etl_dag.py
[2024-11-28T10:52:15.117+0000] {processor.py:836} INFO - DAG(s) dict_keys(['basic_etl_dag']) retrieved from /workspaces/hands-on-introduction-data-engineering-4395021/airflow/dags/basic_etl_dag.py
[2024-11-28T10:52:15.136+0000] {logging_mixin.py:150} INFO - [2024-11-28T10:52:15.135+0000] {dag.py:2742} INFO - Sync 1 DAGs
[2024-11-28T10:52:15.153+0000] {logging_mixin.py:150} INFO - [2024-11-28T10:52:15.153+0000] {dag.py:3504} INFO - Setting next_dagrun for basic_etl_dag to None, run_after=None
[2024-11-28T10:52:15.171+0000] {processor.py:179} INFO - Processing /workspaces/hands-on-introduction-data-engineering-4395021/airflow/dags/basic_etl_dag.py took 0.426 seconds
[2024-11-28T10:52:46.254+0000] {processor.py:157} INFO - Started process (PID=40676) to work on /workspaces/hands-on-introduction-data-engineering-4395021/airflow/dags/basic_etl_dag.py
[2024-11-28T10:52:46.254+0000] {processor.py:826} INFO - Processing file /workspaces/hands-on-introduction-data-engineering-4395021/airflow/dags/basic_etl_dag.py for tasks to queue
[2024-11-28T10:52:46.255+0000] {logging_mixin.py:150} INFO - [2024-11-28T10:52:46.255+0000] {dagbag.py:541} INFO - Filling up the DagBag from /workspaces/hands-on-introduction-data-engineering-4395021/airflow/dags/basic_etl_dag.py
[2024-11-28T10:52:46.583+0000] {processor.py:836} INFO - DAG(s) dict_keys(['basic_etl_dag']) retrieved from /workspaces/hands-on-introduction-data-engineering-4395021/airflow/dags/basic_etl_dag.py
[2024-11-28T10:52:46.596+0000] {logging_mixin.py:150} INFO - [2024-11-28T10:52:46.596+0000] {dag.py:2742} INFO - Sync 1 DAGs
[2024-11-28T10:52:46.608+0000] {logging_mixin.py:150} INFO - [2024-11-28T10:52:46.608+0000] {dag.py:3504} INFO - Setting next_dagrun for basic_etl_dag to None, run_after=None
[2024-11-28T10:52:46.621+0000] {processor.py:179} INFO - Processing /workspaces/hands-on-introduction-data-engineering-4395021/airflow/dags/basic_etl_dag.py took 0.370 seconds
[2024-11-28T10:53:16.787+0000] {processor.py:157} INFO - Started process (PID=40876) to work on /workspaces/hands-on-introduction-data-engineering-4395021/airflow/dags/basic_etl_dag.py
[2024-11-28T10:53:16.787+0000] {processor.py:826} INFO - Processing file /workspaces/hands-on-introduction-data-engineering-4395021/airflow/dags/basic_etl_dag.py for tasks to queue
[2024-11-28T10:53:16.788+0000] {logging_mixin.py:150} INFO - [2024-11-28T10:53:16.788+0000] {dagbag.py:541} INFO - Filling up the DagBag from /workspaces/hands-on-introduction-data-engineering-4395021/airflow/dags/basic_etl_dag.py
[2024-11-28T10:53:17.136+0000] {processor.py:836} INFO - DAG(s) dict_keys(['basic_etl_dag']) retrieved from /workspaces/hands-on-introduction-data-engineering-4395021/airflow/dags/basic_etl_dag.py
[2024-11-28T10:53:17.149+0000] {logging_mixin.py:150} INFO - [2024-11-28T10:53:17.149+0000] {dag.py:2742} INFO - Sync 1 DAGs
[2024-11-28T10:53:17.161+0000] {logging_mixin.py:150} INFO - [2024-11-28T10:53:17.161+0000] {dag.py:3504} INFO - Setting next_dagrun for basic_etl_dag to None, run_after=None
[2024-11-28T10:53:17.175+0000] {processor.py:179} INFO - Processing /workspaces/hands-on-introduction-data-engineering-4395021/airflow/dags/basic_etl_dag.py took 0.391 seconds
[2024-11-28T10:53:47.491+0000] {processor.py:157} INFO - Started process (PID=41103) to work on /workspaces/hands-on-introduction-data-engineering-4395021/airflow/dags/basic_etl_dag.py
[2024-11-28T10:53:47.492+0000] {processor.py:826} INFO - Processing file /workspaces/hands-on-introduction-data-engineering-4395021/airflow/dags/basic_etl_dag.py for tasks to queue
[2024-11-28T10:53:47.492+0000] {logging_mixin.py:150} INFO - [2024-11-28T10:53:47.492+0000] {dagbag.py:541} INFO - Filling up the DagBag from /workspaces/hands-on-introduction-data-engineering-4395021/airflow/dags/basic_etl_dag.py
[2024-11-28T10:53:47.830+0000] {processor.py:836} INFO - DAG(s) dict_keys(['basic_etl_dag']) retrieved from /workspaces/hands-on-introduction-data-engineering-4395021/airflow/dags/basic_etl_dag.py
[2024-11-28T10:53:47.843+0000] {logging_mixin.py:150} INFO - [2024-11-28T10:53:47.843+0000] {dag.py:2742} INFO - Sync 1 DAGs
[2024-11-28T10:53:47.855+0000] {logging_mixin.py:150} INFO - [2024-11-28T10:53:47.855+0000] {dag.py:3504} INFO - Setting next_dagrun for basic_etl_dag to None, run_after=None
[2024-11-28T10:53:47.869+0000] {processor.py:179} INFO - Processing /workspaces/hands-on-introduction-data-engineering-4395021/airflow/dags/basic_etl_dag.py took 0.380 seconds
[2024-11-28T10:54:18.082+0000] {processor.py:157} INFO - Started process (PID=41325) to work on /workspaces/hands-on-introduction-data-engineering-4395021/airflow/dags/basic_etl_dag.py
[2024-11-28T10:54:18.083+0000] {processor.py:826} INFO - Processing file /workspaces/hands-on-introduction-data-engineering-4395021/airflow/dags/basic_etl_dag.py for tasks to queue
[2024-11-28T10:54:18.083+0000] {logging_mixin.py:150} INFO - [2024-11-28T10:54:18.083+0000] {dagbag.py:541} INFO - Filling up the DagBag from /workspaces/hands-on-introduction-data-engineering-4395021/airflow/dags/basic_etl_dag.py
[2024-11-28T10:54:18.441+0000] {processor.py:836} INFO - DAG(s) dict_keys(['basic_etl_dag']) retrieved from /workspaces/hands-on-introduction-data-engineering-4395021/airflow/dags/basic_etl_dag.py
[2024-11-28T10:54:18.454+0000] {logging_mixin.py:150} INFO - [2024-11-28T10:54:18.454+0000] {dag.py:2742} INFO - Sync 1 DAGs
[2024-11-28T10:54:18.467+0000] {logging_mixin.py:150} INFO - [2024-11-28T10:54:18.467+0000] {dag.py:3504} INFO - Setting next_dagrun for basic_etl_dag to None, run_after=None
[2024-11-28T10:54:18.481+0000] {processor.py:179} INFO - Processing /workspaces/hands-on-introduction-data-engineering-4395021/airflow/dags/basic_etl_dag.py took 0.402 seconds
[2024-11-28T10:54:48.677+0000] {processor.py:157} INFO - Started process (PID=41536) to work on /workspaces/hands-on-introduction-data-engineering-4395021/airflow/dags/basic_etl_dag.py
[2024-11-28T10:54:48.678+0000] {processor.py:826} INFO - Processing file /workspaces/hands-on-introduction-data-engineering-4395021/airflow/dags/basic_etl_dag.py for tasks to queue
[2024-11-28T10:54:48.678+0000] {logging_mixin.py:150} INFO - [2024-11-28T10:54:48.678+0000] {dagbag.py:541} INFO - Filling up the DagBag from /workspaces/hands-on-introduction-data-engineering-4395021/airflow/dags/basic_etl_dag.py
[2024-11-28T10:54:49.011+0000] {processor.py:836} INFO - DAG(s) dict_keys(['basic_etl_dag']) retrieved from /workspaces/hands-on-introduction-data-engineering-4395021/airflow/dags/basic_etl_dag.py
[2024-11-28T10:54:49.024+0000] {logging_mixin.py:150} INFO - [2024-11-28T10:54:49.024+0000] {dag.py:2742} INFO - Sync 1 DAGs
[2024-11-28T10:54:49.037+0000] {logging_mixin.py:150} INFO - [2024-11-28T10:54:49.037+0000] {dag.py:3504} INFO - Setting next_dagrun for basic_etl_dag to None, run_after=None
[2024-11-28T10:54:49.051+0000] {processor.py:179} INFO - Processing /workspaces/hands-on-introduction-data-engineering-4395021/airflow/dags/basic_etl_dag.py took 0.376 seconds
[2024-11-28T10:55:19.190+0000] {processor.py:157} INFO - Started process (PID=41752) to work on /workspaces/hands-on-introduction-data-engineering-4395021/airflow/dags/basic_etl_dag.py
[2024-11-28T10:55:19.190+0000] {processor.py:826} INFO - Processing file /workspaces/hands-on-introduction-data-engineering-4395021/airflow/dags/basic_etl_dag.py for tasks to queue
[2024-11-28T10:55:19.191+0000] {logging_mixin.py:150} INFO - [2024-11-28T10:55:19.191+0000] {dagbag.py:541} INFO - Filling up the DagBag from /workspaces/hands-on-introduction-data-engineering-4395021/airflow/dags/basic_etl_dag.py
[2024-11-28T10:55:19.529+0000] {processor.py:836} INFO - DAG(s) dict_keys(['basic_etl_dag']) retrieved from /workspaces/hands-on-introduction-data-engineering-4395021/airflow/dags/basic_etl_dag.py
[2024-11-28T10:55:19.542+0000] {logging_mixin.py:150} INFO - [2024-11-28T10:55:19.541+0000] {dag.py:2742} INFO - Sync 1 DAGs
[2024-11-28T10:55:19.554+0000] {logging_mixin.py:150} INFO - [2024-11-28T10:55:19.553+0000] {dag.py:3504} INFO - Setting next_dagrun for basic_etl_dag to None, run_after=None
[2024-11-28T10:55:19.567+0000] {processor.py:179} INFO - Processing /workspaces/hands-on-introduction-data-engineering-4395021/airflow/dags/basic_etl_dag.py took 0.380 seconds
[2024-11-28T10:55:49.674+0000] {processor.py:157} INFO - Started process (PID=41942) to work on /workspaces/hands-on-introduction-data-engineering-4395021/airflow/dags/basic_etl_dag.py
[2024-11-28T10:55:49.675+0000] {processor.py:826} INFO - Processing file /workspaces/hands-on-introduction-data-engineering-4395021/airflow/dags/basic_etl_dag.py for tasks to queue
[2024-11-28T10:55:49.675+0000] {logging_mixin.py:150} INFO - [2024-11-28T10:55:49.675+0000] {dagbag.py:541} INFO - Filling up the DagBag from /workspaces/hands-on-introduction-data-engineering-4395021/airflow/dags/basic_etl_dag.py
[2024-11-28T10:55:50.014+0000] {processor.py:836} INFO - DAG(s) dict_keys(['basic_etl_dag']) retrieved from /workspaces/hands-on-introduction-data-engineering-4395021/airflow/dags/basic_etl_dag.py
[2024-11-28T10:55:50.027+0000] {logging_mixin.py:150} INFO - [2024-11-28T10:55:50.027+0000] {dag.py:2742} INFO - Sync 1 DAGs
[2024-11-28T10:55:50.039+0000] {logging_mixin.py:150} INFO - [2024-11-28T10:55:50.039+0000] {dag.py:3504} INFO - Setting next_dagrun for basic_etl_dag to None, run_after=None
[2024-11-28T10:55:50.053+0000] {processor.py:179} INFO - Processing /workspaces/hands-on-introduction-data-engineering-4395021/airflow/dags/basic_etl_dag.py took 0.381 seconds
[2024-11-28T10:56:20.158+0000] {processor.py:157} INFO - Started process (PID=42160) to work on /workspaces/hands-on-introduction-data-engineering-4395021/airflow/dags/basic_etl_dag.py
[2024-11-28T10:56:20.159+0000] {processor.py:826} INFO - Processing file /workspaces/hands-on-introduction-data-engineering-4395021/airflow/dags/basic_etl_dag.py for tasks to queue
[2024-11-28T10:56:20.159+0000] {logging_mixin.py:150} INFO - [2024-11-28T10:56:20.159+0000] {dagbag.py:541} INFO - Filling up the DagBag from /workspaces/hands-on-introduction-data-engineering-4395021/airflow/dags/basic_etl_dag.py
[2024-11-28T10:56:20.512+0000] {processor.py:836} INFO - DAG(s) dict_keys(['basic_etl_dag']) retrieved from /workspaces/hands-on-introduction-data-engineering-4395021/airflow/dags/basic_etl_dag.py
[2024-11-28T10:56:20.530+0000] {logging_mixin.py:150} INFO - [2024-11-28T10:56:20.530+0000] {dag.py:2742} INFO - Sync 1 DAGs
[2024-11-28T10:56:20.549+0000] {logging_mixin.py:150} INFO - [2024-11-28T10:56:20.549+0000] {dag.py:3504} INFO - Setting next_dagrun for basic_etl_dag to None, run_after=None
[2024-11-28T10:56:20.569+0000] {processor.py:179} INFO - Processing /workspaces/hands-on-introduction-data-engineering-4395021/airflow/dags/basic_etl_dag.py took 0.413 seconds
[2024-11-28T10:56:50.763+0000] {processor.py:157} INFO - Started process (PID=42380) to work on /workspaces/hands-on-introduction-data-engineering-4395021/airflow/dags/basic_etl_dag.py
[2024-11-28T10:56:50.768+0000] {processor.py:826} INFO - Processing file /workspaces/hands-on-introduction-data-engineering-4395021/airflow/dags/basic_etl_dag.py for tasks to queue
[2024-11-28T10:56:50.769+0000] {logging_mixin.py:150} INFO - [2024-11-28T10:56:50.768+0000] {dagbag.py:541} INFO - Filling up the DagBag from /workspaces/hands-on-introduction-data-engineering-4395021/airflow/dags/basic_etl_dag.py
[2024-11-28T10:56:51.200+0000] {processor.py:836} INFO - DAG(s) dict_keys(['basic_etl_dag']) retrieved from /workspaces/hands-on-introduction-data-engineering-4395021/airflow/dags/basic_etl_dag.py
[2024-11-28T10:56:51.213+0000] {logging_mixin.py:150} INFO - [2024-11-28T10:56:51.213+0000] {dag.py:2742} INFO - Sync 1 DAGs
[2024-11-28T10:56:51.225+0000] {logging_mixin.py:150} INFO - [2024-11-28T10:56:51.225+0000] {dag.py:3504} INFO - Setting next_dagrun for basic_etl_dag to None, run_after=None
[2024-11-28T10:56:51.240+0000] {processor.py:179} INFO - Processing /workspaces/hands-on-introduction-data-engineering-4395021/airflow/dags/basic_etl_dag.py took 0.483 seconds
[2024-11-28T10:57:21.365+0000] {processor.py:157} INFO - Started process (PID=42583) to work on /workspaces/hands-on-introduction-data-engineering-4395021/airflow/dags/basic_etl_dag.py
[2024-11-28T10:57:21.365+0000] {processor.py:826} INFO - Processing file /workspaces/hands-on-introduction-data-engineering-4395021/airflow/dags/basic_etl_dag.py for tasks to queue
[2024-11-28T10:57:21.366+0000] {logging_mixin.py:150} INFO - [2024-11-28T10:57:21.366+0000] {dagbag.py:541} INFO - Filling up the DagBag from /workspaces/hands-on-introduction-data-engineering-4395021/airflow/dags/basic_etl_dag.py
[2024-11-28T10:57:21.715+0000] {processor.py:836} INFO - DAG(s) dict_keys(['basic_etl_dag']) retrieved from /workspaces/hands-on-introduction-data-engineering-4395021/airflow/dags/basic_etl_dag.py
[2024-11-28T10:57:21.728+0000] {logging_mixin.py:150} INFO - [2024-11-28T10:57:21.728+0000] {dag.py:2742} INFO - Sync 1 DAGs
[2024-11-28T10:57:21.741+0000] {logging_mixin.py:150} INFO - [2024-11-28T10:57:21.740+0000] {dag.py:3504} INFO - Setting next_dagrun for basic_etl_dag to None, run_after=None
[2024-11-28T10:57:21.754+0000] {processor.py:179} INFO - Processing /workspaces/hands-on-introduction-data-engineering-4395021/airflow/dags/basic_etl_dag.py took 0.391 seconds
[2024-11-28T10:57:51.857+0000] {processor.py:157} INFO - Started process (PID=42787) to work on /workspaces/hands-on-introduction-data-engineering-4395021/airflow/dags/basic_etl_dag.py
[2024-11-28T10:57:51.858+0000] {processor.py:826} INFO - Processing file /workspaces/hands-on-introduction-data-engineering-4395021/airflow/dags/basic_etl_dag.py for tasks to queue
[2024-11-28T10:57:51.859+0000] {logging_mixin.py:150} INFO - [2024-11-28T10:57:51.858+0000] {dagbag.py:541} INFO - Filling up the DagBag from /workspaces/hands-on-introduction-data-engineering-4395021/airflow/dags/basic_etl_dag.py
[2024-11-28T10:57:52.202+0000] {processor.py:836} INFO - DAG(s) dict_keys(['basic_etl_dag']) retrieved from /workspaces/hands-on-introduction-data-engineering-4395021/airflow/dags/basic_etl_dag.py
[2024-11-28T10:57:52.216+0000] {logging_mixin.py:150} INFO - [2024-11-28T10:57:52.215+0000] {dag.py:2742} INFO - Sync 1 DAGs
[2024-11-28T10:57:52.228+0000] {logging_mixin.py:150} INFO - [2024-11-28T10:57:52.228+0000] {dag.py:3504} INFO - Setting next_dagrun for basic_etl_dag to None, run_after=None
[2024-11-28T10:57:52.242+0000] {processor.py:179} INFO - Processing /workspaces/hands-on-introduction-data-engineering-4395021/airflow/dags/basic_etl_dag.py took 0.387 seconds
[2024-11-28T10:58:22.357+0000] {processor.py:157} INFO - Started process (PID=42979) to work on /workspaces/hands-on-introduction-data-engineering-4395021/airflow/dags/basic_etl_dag.py
[2024-11-28T10:58:22.357+0000] {processor.py:826} INFO - Processing file /workspaces/hands-on-introduction-data-engineering-4395021/airflow/dags/basic_etl_dag.py for tasks to queue
[2024-11-28T10:58:22.358+0000] {logging_mixin.py:150} INFO - [2024-11-28T10:58:22.357+0000] {dagbag.py:541} INFO - Filling up the DagBag from /workspaces/hands-on-introduction-data-engineering-4395021/airflow/dags/basic_etl_dag.py
[2024-11-28T10:58:22.729+0000] {processor.py:836} INFO - DAG(s) dict_keys(['basic_etl_dag']) retrieved from /workspaces/hands-on-introduction-data-engineering-4395021/airflow/dags/basic_etl_dag.py
[2024-11-28T10:58:22.747+0000] {logging_mixin.py:150} INFO - [2024-11-28T10:58:22.747+0000] {dag.py:2742} INFO - Sync 1 DAGs
[2024-11-28T10:58:22.760+0000] {logging_mixin.py:150} INFO - [2024-11-28T10:58:22.760+0000] {dag.py:3504} INFO - Setting next_dagrun for basic_etl_dag to None, run_after=None
[2024-11-28T10:58:22.773+0000] {processor.py:179} INFO - Processing /workspaces/hands-on-introduction-data-engineering-4395021/airflow/dags/basic_etl_dag.py took 0.419 seconds
[2024-11-28T10:58:52.942+0000] {processor.py:157} INFO - Started process (PID=43189) to work on /workspaces/hands-on-introduction-data-engineering-4395021/airflow/dags/basic_etl_dag.py
[2024-11-28T10:58:52.943+0000] {processor.py:826} INFO - Processing file /workspaces/hands-on-introduction-data-engineering-4395021/airflow/dags/basic_etl_dag.py for tasks to queue
[2024-11-28T10:58:52.944+0000] {logging_mixin.py:150} INFO - [2024-11-28T10:58:52.943+0000] {dagbag.py:541} INFO - Filling up the DagBag from /workspaces/hands-on-introduction-data-engineering-4395021/airflow/dags/basic_etl_dag.py
[2024-11-28T10:58:53.319+0000] {processor.py:836} INFO - DAG(s) dict_keys(['basic_etl_dag']) retrieved from /workspaces/hands-on-introduction-data-engineering-4395021/airflow/dags/basic_etl_dag.py
[2024-11-28T10:58:53.332+0000] {logging_mixin.py:150} INFO - [2024-11-28T10:58:53.332+0000] {dag.py:2742} INFO - Sync 1 DAGs
[2024-11-28T10:58:53.346+0000] {logging_mixin.py:150} INFO - [2024-11-28T10:58:53.346+0000] {dag.py:3504} INFO - Setting next_dagrun for basic_etl_dag to None, run_after=None
[2024-11-28T10:58:53.358+0000] {processor.py:179} INFO - Processing /workspaces/hands-on-introduction-data-engineering-4395021/airflow/dags/basic_etl_dag.py took 0.418 seconds
[2024-11-28T10:59:23.527+0000] {processor.py:157} INFO - Started process (PID=43397) to work on /workspaces/hands-on-introduction-data-engineering-4395021/airflow/dags/basic_etl_dag.py
[2024-11-28T10:59:23.527+0000] {processor.py:826} INFO - Processing file /workspaces/hands-on-introduction-data-engineering-4395021/airflow/dags/basic_etl_dag.py for tasks to queue
[2024-11-28T10:59:23.528+0000] {logging_mixin.py:150} INFO - [2024-11-28T10:59:23.528+0000] {dagbag.py:541} INFO - Filling up the DagBag from /workspaces/hands-on-introduction-data-engineering-4395021/airflow/dags/basic_etl_dag.py
[2024-11-28T10:59:23.868+0000] {processor.py:836} INFO - DAG(s) dict_keys(['basic_etl_dag']) retrieved from /workspaces/hands-on-introduction-data-engineering-4395021/airflow/dags/basic_etl_dag.py
[2024-11-28T10:59:23.881+0000] {logging_mixin.py:150} INFO - [2024-11-28T10:59:23.881+0000] {dag.py:2742} INFO - Sync 1 DAGs
[2024-11-28T10:59:23.894+0000] {logging_mixin.py:150} INFO - [2024-11-28T10:59:23.894+0000] {dag.py:3504} INFO - Setting next_dagrun for basic_etl_dag to None, run_after=None
[2024-11-28T10:59:23.907+0000] {processor.py:179} INFO - Processing /workspaces/hands-on-introduction-data-engineering-4395021/airflow/dags/basic_etl_dag.py took 0.383 seconds
[2024-11-28T10:59:54.017+0000] {processor.py:157} INFO - Started process (PID=43584) to work on /workspaces/hands-on-introduction-data-engineering-4395021/airflow/dags/basic_etl_dag.py
[2024-11-28T10:59:54.018+0000] {processor.py:826} INFO - Processing file /workspaces/hands-on-introduction-data-engineering-4395021/airflow/dags/basic_etl_dag.py for tasks to queue
[2024-11-28T10:59:54.018+0000] {logging_mixin.py:150} INFO - [2024-11-28T10:59:54.018+0000] {dagbag.py:541} INFO - Filling up the DagBag from /workspaces/hands-on-introduction-data-engineering-4395021/airflow/dags/basic_etl_dag.py
[2024-11-28T10:59:54.389+0000] {processor.py:836} INFO - DAG(s) dict_keys(['basic_etl_dag']) retrieved from /workspaces/hands-on-introduction-data-engineering-4395021/airflow/dags/basic_etl_dag.py
[2024-11-28T10:59:54.407+0000] {logging_mixin.py:150} INFO - [2024-11-28T10:59:54.407+0000] {dag.py:2742} INFO - Sync 1 DAGs
[2024-11-28T10:59:54.426+0000] {logging_mixin.py:150} INFO - [2024-11-28T10:59:54.426+0000] {dag.py:3504} INFO - Setting next_dagrun for basic_etl_dag to None, run_after=None
[2024-11-28T10:59:54.452+0000] {processor.py:179} INFO - Processing /workspaces/hands-on-introduction-data-engineering-4395021/airflow/dags/basic_etl_dag.py took 0.437 seconds
[2024-11-28T11:00:24.609+0000] {processor.py:157} INFO - Started process (PID=43764) to work on /workspaces/hands-on-introduction-data-engineering-4395021/airflow/dags/basic_etl_dag.py
[2024-11-28T11:00:24.610+0000] {processor.py:826} INFO - Processing file /workspaces/hands-on-introduction-data-engineering-4395021/airflow/dags/basic_etl_dag.py for tasks to queue
[2024-11-28T11:00:24.610+0000] {logging_mixin.py:150} INFO - [2024-11-28T11:00:24.610+0000] {dagbag.py:541} INFO - Filling up the DagBag from /workspaces/hands-on-introduction-data-engineering-4395021/airflow/dags/basic_etl_dag.py
[2024-11-28T11:00:24.993+0000] {processor.py:836} INFO - DAG(s) dict_keys(['basic_etl_dag']) retrieved from /workspaces/hands-on-introduction-data-engineering-4395021/airflow/dags/basic_etl_dag.py
[2024-11-28T11:00:25.005+0000] {logging_mixin.py:150} INFO - [2024-11-28T11:00:25.005+0000] {dag.py:2742} INFO - Sync 1 DAGs
[2024-11-28T11:00:25.018+0000] {logging_mixin.py:150} INFO - [2024-11-28T11:00:25.018+0000] {dag.py:3504} INFO - Setting next_dagrun for basic_etl_dag to None, run_after=None
[2024-11-28T11:00:25.032+0000] {processor.py:179} INFO - Processing /workspaces/hands-on-introduction-data-engineering-4395021/airflow/dags/basic_etl_dag.py took 0.425 seconds
[2024-11-28T11:00:55.240+0000] {processor.py:157} INFO - Started process (PID=43971) to work on /workspaces/hands-on-introduction-data-engineering-4395021/airflow/dags/basic_etl_dag.py
[2024-11-28T11:00:55.241+0000] {processor.py:826} INFO - Processing file /workspaces/hands-on-introduction-data-engineering-4395021/airflow/dags/basic_etl_dag.py for tasks to queue
[2024-11-28T11:00:55.242+0000] {logging_mixin.py:150} INFO - [2024-11-28T11:00:55.241+0000] {dagbag.py:541} INFO - Filling up the DagBag from /workspaces/hands-on-introduction-data-engineering-4395021/airflow/dags/basic_etl_dag.py
[2024-11-28T11:00:55.597+0000] {processor.py:836} INFO - DAG(s) dict_keys(['basic_etl_dag']) retrieved from /workspaces/hands-on-introduction-data-engineering-4395021/airflow/dags/basic_etl_dag.py
[2024-11-28T11:00:55.610+0000] {logging_mixin.py:150} INFO - [2024-11-28T11:00:55.610+0000] {dag.py:2742} INFO - Sync 1 DAGs
[2024-11-28T11:00:55.623+0000] {logging_mixin.py:150} INFO - [2024-11-28T11:00:55.623+0000] {dag.py:3504} INFO - Setting next_dagrun for basic_etl_dag to None, run_after=None
[2024-11-28T11:00:55.637+0000] {processor.py:179} INFO - Processing /workspaces/hands-on-introduction-data-engineering-4395021/airflow/dags/basic_etl_dag.py took 0.399 seconds
[2024-11-28T11:01:25.735+0000] {processor.py:157} INFO - Started process (PID=44262) to work on /workspaces/hands-on-introduction-data-engineering-4395021/airflow/dags/basic_etl_dag.py
[2024-11-28T11:01:25.736+0000] {processor.py:826} INFO - Processing file /workspaces/hands-on-introduction-data-engineering-4395021/airflow/dags/basic_etl_dag.py for tasks to queue
[2024-11-28T11:01:25.736+0000] {logging_mixin.py:150} INFO - [2024-11-28T11:01:25.736+0000] {dagbag.py:541} INFO - Filling up the DagBag from /workspaces/hands-on-introduction-data-engineering-4395021/airflow/dags/basic_etl_dag.py
[2024-11-28T11:01:25.983+0000] {processor.py:836} INFO - DAG(s) dict_keys(['basic_etl_dag']) retrieved from /workspaces/hands-on-introduction-data-engineering-4395021/airflow/dags/basic_etl_dag.py
[2024-11-28T11:01:25.998+0000] {logging_mixin.py:150} INFO - [2024-11-28T11:01:25.998+0000] {dag.py:2742} INFO - Sync 1 DAGs
[2024-11-28T11:01:26.014+0000] {logging_mixin.py:150} INFO - [2024-11-28T11:01:26.014+0000] {dag.py:3504} INFO - Setting next_dagrun for basic_etl_dag to None, run_after=None
[2024-11-28T11:01:26.032+0000] {processor.py:179} INFO - Processing /workspaces/hands-on-introduction-data-engineering-4395021/airflow/dags/basic_etl_dag.py took 0.299 seconds
[2024-11-28T11:01:56.139+0000] {processor.py:157} INFO - Started process (PID=44592) to work on /workspaces/hands-on-introduction-data-engineering-4395021/airflow/dags/basic_etl_dag.py
[2024-11-28T11:01:56.140+0000] {processor.py:826} INFO - Processing file /workspaces/hands-on-introduction-data-engineering-4395021/airflow/dags/basic_etl_dag.py for tasks to queue
[2024-11-28T11:01:56.141+0000] {logging_mixin.py:150} INFO - [2024-11-28T11:01:56.140+0000] {dagbag.py:541} INFO - Filling up the DagBag from /workspaces/hands-on-introduction-data-engineering-4395021/airflow/dags/basic_etl_dag.py
[2024-11-28T11:01:56.409+0000] {processor.py:836} INFO - DAG(s) dict_keys(['basic_etl_dag']) retrieved from /workspaces/hands-on-introduction-data-engineering-4395021/airflow/dags/basic_etl_dag.py
[2024-11-28T11:01:56.424+0000] {logging_mixin.py:150} INFO - [2024-11-28T11:01:56.424+0000] {dag.py:2742} INFO - Sync 1 DAGs
[2024-11-28T11:01:56.438+0000] {logging_mixin.py:150} INFO - [2024-11-28T11:01:56.438+0000] {dag.py:3504} INFO - Setting next_dagrun for basic_etl_dag to None, run_after=None
[2024-11-28T11:01:56.452+0000] {processor.py:179} INFO - Processing /workspaces/hands-on-introduction-data-engineering-4395021/airflow/dags/basic_etl_dag.py took 0.316 seconds
[2024-11-28T11:02:26.620+0000] {processor.py:157} INFO - Started process (PID=44808) to work on /workspaces/hands-on-introduction-data-engineering-4395021/airflow/dags/basic_etl_dag.py
[2024-11-28T11:02:26.621+0000] {processor.py:826} INFO - Processing file /workspaces/hands-on-introduction-data-engineering-4395021/airflow/dags/basic_etl_dag.py for tasks to queue
[2024-11-28T11:02:26.621+0000] {logging_mixin.py:150} INFO - [2024-11-28T11:02:26.621+0000] {dagbag.py:541} INFO - Filling up the DagBag from /workspaces/hands-on-introduction-data-engineering-4395021/airflow/dags/basic_etl_dag.py
[2024-11-28T11:02:26.866+0000] {processor.py:836} INFO - DAG(s) dict_keys(['basic_etl_dag']) retrieved from /workspaces/hands-on-introduction-data-engineering-4395021/airflow/dags/basic_etl_dag.py
[2024-11-28T11:02:26.881+0000] {logging_mixin.py:150} INFO - [2024-11-28T11:02:26.881+0000] {dag.py:2742} INFO - Sync 1 DAGs
[2024-11-28T11:02:26.896+0000] {logging_mixin.py:150} INFO - [2024-11-28T11:02:26.895+0000] {dag.py:3504} INFO - Setting next_dagrun for basic_etl_dag to None, run_after=None
[2024-11-28T11:02:26.909+0000] {processor.py:179} INFO - Processing /workspaces/hands-on-introduction-data-engineering-4395021/airflow/dags/basic_etl_dag.py took 0.291 seconds
[2024-11-28T11:02:57.010+0000] {processor.py:157} INFO - Started process (PID=44993) to work on /workspaces/hands-on-introduction-data-engineering-4395021/airflow/dags/basic_etl_dag.py
[2024-11-28T11:02:57.010+0000] {processor.py:826} INFO - Processing file /workspaces/hands-on-introduction-data-engineering-4395021/airflow/dags/basic_etl_dag.py for tasks to queue
[2024-11-28T11:02:57.011+0000] {logging_mixin.py:150} INFO - [2024-11-28T11:02:57.011+0000] {dagbag.py:541} INFO - Filling up the DagBag from /workspaces/hands-on-introduction-data-engineering-4395021/airflow/dags/basic_etl_dag.py
[2024-11-28T11:02:57.253+0000] {processor.py:836} INFO - DAG(s) dict_keys(['basic_etl_dag']) retrieved from /workspaces/hands-on-introduction-data-engineering-4395021/airflow/dags/basic_etl_dag.py
[2024-11-28T11:02:57.268+0000] {logging_mixin.py:150} INFO - [2024-11-28T11:02:57.268+0000] {dag.py:2742} INFO - Sync 1 DAGs
[2024-11-28T11:02:57.283+0000] {logging_mixin.py:150} INFO - [2024-11-28T11:02:57.283+0000] {dag.py:3504} INFO - Setting next_dagrun for basic_etl_dag to None, run_after=None
[2024-11-28T11:02:57.297+0000] {processor.py:179} INFO - Processing /workspaces/hands-on-introduction-data-engineering-4395021/airflow/dags/basic_etl_dag.py took 0.289 seconds
[2024-11-28T11:03:27.490+0000] {processor.py:157} INFO - Started process (PID=45180) to work on /workspaces/hands-on-introduction-data-engineering-4395021/airflow/dags/basic_etl_dag.py
[2024-11-28T11:03:27.490+0000] {processor.py:826} INFO - Processing file /workspaces/hands-on-introduction-data-engineering-4395021/airflow/dags/basic_etl_dag.py for tasks to queue
[2024-11-28T11:03:27.491+0000] {logging_mixin.py:150} INFO - [2024-11-28T11:03:27.491+0000] {dagbag.py:541} INFO - Filling up the DagBag from /workspaces/hands-on-introduction-data-engineering-4395021/airflow/dags/basic_etl_dag.py
[2024-11-28T11:03:27.732+0000] {processor.py:836} INFO - DAG(s) dict_keys(['basic_etl_dag']) retrieved from /workspaces/hands-on-introduction-data-engineering-4395021/airflow/dags/basic_etl_dag.py
[2024-11-28T11:03:27.747+0000] {logging_mixin.py:150} INFO - [2024-11-28T11:03:27.747+0000] {dag.py:2742} INFO - Sync 1 DAGs
[2024-11-28T11:03:27.761+0000] {logging_mixin.py:150} INFO - [2024-11-28T11:03:27.761+0000] {dag.py:3504} INFO - Setting next_dagrun for basic_etl_dag to None, run_after=None
[2024-11-28T11:03:27.774+0000] {processor.py:179} INFO - Processing /workspaces/hands-on-introduction-data-engineering-4395021/airflow/dags/basic_etl_dag.py took 0.287 seconds
[2024-11-28T11:03:57.877+0000] {processor.py:157} INFO - Started process (PID=45382) to work on /workspaces/hands-on-introduction-data-engineering-4395021/airflow/dags/basic_etl_dag.py
[2024-11-28T11:03:57.878+0000] {processor.py:826} INFO - Processing file /workspaces/hands-on-introduction-data-engineering-4395021/airflow/dags/basic_etl_dag.py for tasks to queue
[2024-11-28T11:03:57.878+0000] {logging_mixin.py:150} INFO - [2024-11-28T11:03:57.878+0000] {dagbag.py:541} INFO - Filling up the DagBag from /workspaces/hands-on-introduction-data-engineering-4395021/airflow/dags/basic_etl_dag.py
[2024-11-28T11:03:58.118+0000] {processor.py:836} INFO - DAG(s) dict_keys(['basic_etl_dag']) retrieved from /workspaces/hands-on-introduction-data-engineering-4395021/airflow/dags/basic_etl_dag.py
[2024-11-28T11:03:58.133+0000] {logging_mixin.py:150} INFO - [2024-11-28T11:03:58.133+0000] {dag.py:2742} INFO - Sync 1 DAGs
[2024-11-28T11:03:58.147+0000] {logging_mixin.py:150} INFO - [2024-11-28T11:03:58.147+0000] {dag.py:3504} INFO - Setting next_dagrun for basic_etl_dag to None, run_after=None
[2024-11-28T11:03:58.161+0000] {processor.py:179} INFO - Processing /workspaces/hands-on-introduction-data-engineering-4395021/airflow/dags/basic_etl_dag.py took 0.286 seconds
[2024-11-28T11:04:28.286+0000] {processor.py:157} INFO - Started process (PID=45578) to work on /workspaces/hands-on-introduction-data-engineering-4395021/airflow/dags/basic_etl_dag.py
[2024-11-28T11:04:28.287+0000] {processor.py:826} INFO - Processing file /workspaces/hands-on-introduction-data-engineering-4395021/airflow/dags/basic_etl_dag.py for tasks to queue
[2024-11-28T11:04:28.287+0000] {logging_mixin.py:150} INFO - [2024-11-28T11:04:28.287+0000] {dagbag.py:541} INFO - Filling up the DagBag from /workspaces/hands-on-introduction-data-engineering-4395021/airflow/dags/basic_etl_dag.py
[2024-11-28T11:04:28.544+0000] {processor.py:836} INFO - DAG(s) dict_keys(['basic_etl_dag']) retrieved from /workspaces/hands-on-introduction-data-engineering-4395021/airflow/dags/basic_etl_dag.py
[2024-11-28T11:04:28.559+0000] {logging_mixin.py:150} INFO - [2024-11-28T11:04:28.559+0000] {dag.py:2742} INFO - Sync 1 DAGs
[2024-11-28T11:04:28.573+0000] {logging_mixin.py:150} INFO - [2024-11-28T11:04:28.572+0000] {dag.py:3504} INFO - Setting next_dagrun for basic_etl_dag to None, run_after=None
[2024-11-28T11:04:28.587+0000] {processor.py:179} INFO - Processing /workspaces/hands-on-introduction-data-engineering-4395021/airflow/dags/basic_etl_dag.py took 0.303 seconds
[2024-11-28T11:04:59.233+0000] {processor.py:157} INFO - Started process (PID=45781) to work on /workspaces/hands-on-introduction-data-engineering-4395021/airflow/dags/basic_etl_dag.py
[2024-11-28T11:04:59.234+0000] {processor.py:826} INFO - Processing file /workspaces/hands-on-introduction-data-engineering-4395021/airflow/dags/basic_etl_dag.py for tasks to queue
[2024-11-28T11:04:59.236+0000] {logging_mixin.py:150} INFO - [2024-11-28T11:04:59.235+0000] {dagbag.py:541} INFO - Filling up the DagBag from /workspaces/hands-on-introduction-data-engineering-4395021/airflow/dags/basic_etl_dag.py
[2024-11-28T11:04:59.515+0000] {processor.py:836} INFO - DAG(s) dict_keys(['basic_etl_dag']) retrieved from /workspaces/hands-on-introduction-data-engineering-4395021/airflow/dags/basic_etl_dag.py
[2024-11-28T11:04:59.530+0000] {logging_mixin.py:150} INFO - [2024-11-28T11:04:59.530+0000] {dag.py:2742} INFO - Sync 1 DAGs
[2024-11-28T11:04:59.544+0000] {logging_mixin.py:150} INFO - [2024-11-28T11:04:59.544+0000] {dag.py:3504} INFO - Setting next_dagrun for basic_etl_dag to None, run_after=None
[2024-11-28T11:04:59.557+0000] {processor.py:179} INFO - Processing /workspaces/hands-on-introduction-data-engineering-4395021/airflow/dags/basic_etl_dag.py took 0.328 seconds
[2024-11-28T11:05:29.779+0000] {processor.py:157} INFO - Started process (PID=45965) to work on /workspaces/hands-on-introduction-data-engineering-4395021/airflow/dags/basic_etl_dag.py
[2024-11-28T11:05:29.779+0000] {processor.py:826} INFO - Processing file /workspaces/hands-on-introduction-data-engineering-4395021/airflow/dags/basic_etl_dag.py for tasks to queue
[2024-11-28T11:05:29.780+0000] {logging_mixin.py:150} INFO - [2024-11-28T11:05:29.780+0000] {dagbag.py:541} INFO - Filling up the DagBag from /workspaces/hands-on-introduction-data-engineering-4395021/airflow/dags/basic_etl_dag.py
[2024-11-28T11:05:30.028+0000] {processor.py:836} INFO - DAG(s) dict_keys(['basic_etl_dag']) retrieved from /workspaces/hands-on-introduction-data-engineering-4395021/airflow/dags/basic_etl_dag.py
[2024-11-28T11:05:30.043+0000] {logging_mixin.py:150} INFO - [2024-11-28T11:05:30.043+0000] {dag.py:2742} INFO - Sync 1 DAGs
[2024-11-28T11:05:30.057+0000] {logging_mixin.py:150} INFO - [2024-11-28T11:05:30.056+0000] {dag.py:3504} INFO - Setting next_dagrun for basic_etl_dag to None, run_after=None
[2024-11-28T11:05:30.070+0000] {processor.py:179} INFO - Processing /workspaces/hands-on-introduction-data-engineering-4395021/airflow/dags/basic_etl_dag.py took 0.294 seconds
[2024-11-28T11:06:00.272+0000] {processor.py:157} INFO - Started process (PID=46153) to work on /workspaces/hands-on-introduction-data-engineering-4395021/airflow/dags/basic_etl_dag.py
[2024-11-28T11:06:00.272+0000] {processor.py:826} INFO - Processing file /workspaces/hands-on-introduction-data-engineering-4395021/airflow/dags/basic_etl_dag.py for tasks to queue
[2024-11-28T11:06:00.273+0000] {logging_mixin.py:150} INFO - [2024-11-28T11:06:00.272+0000] {dagbag.py:541} INFO - Filling up the DagBag from /workspaces/hands-on-introduction-data-engineering-4395021/airflow/dags/basic_etl_dag.py
[2024-11-28T11:06:00.520+0000] {processor.py:836} INFO - DAG(s) dict_keys(['basic_etl_dag']) retrieved from /workspaces/hands-on-introduction-data-engineering-4395021/airflow/dags/basic_etl_dag.py
[2024-11-28T11:06:00.535+0000] {logging_mixin.py:150} INFO - [2024-11-28T11:06:00.534+0000] {dag.py:2742} INFO - Sync 1 DAGs
[2024-11-28T11:06:00.549+0000] {logging_mixin.py:150} INFO - [2024-11-28T11:06:00.549+0000] {dag.py:3504} INFO - Setting next_dagrun for basic_etl_dag to None, run_after=None
[2024-11-28T11:06:00.562+0000] {processor.py:179} INFO - Processing /workspaces/hands-on-introduction-data-engineering-4395021/airflow/dags/basic_etl_dag.py took 0.293 seconds
[2024-11-28T11:06:30.775+0000] {processor.py:157} INFO - Started process (PID=46336) to work on /workspaces/hands-on-introduction-data-engineering-4395021/airflow/dags/basic_etl_dag.py
[2024-11-28T11:06:30.776+0000] {processor.py:826} INFO - Processing file /workspaces/hands-on-introduction-data-engineering-4395021/airflow/dags/basic_etl_dag.py for tasks to queue
[2024-11-28T11:06:30.776+0000] {logging_mixin.py:150} INFO - [2024-11-28T11:06:30.776+0000] {dagbag.py:541} INFO - Filling up the DagBag from /workspaces/hands-on-introduction-data-engineering-4395021/airflow/dags/basic_etl_dag.py
[2024-11-28T11:06:31.025+0000] {processor.py:836} INFO - DAG(s) dict_keys(['basic_etl_dag']) retrieved from /workspaces/hands-on-introduction-data-engineering-4395021/airflow/dags/basic_etl_dag.py
[2024-11-28T11:06:31.040+0000] {logging_mixin.py:150} INFO - [2024-11-28T11:06:31.040+0000] {dag.py:2742} INFO - Sync 1 DAGs
[2024-11-28T11:06:31.054+0000] {logging_mixin.py:150} INFO - [2024-11-28T11:06:31.054+0000] {dag.py:3504} INFO - Setting next_dagrun for basic_etl_dag to None, run_after=None
[2024-11-28T11:06:31.068+0000] {processor.py:179} INFO - Processing /workspaces/hands-on-introduction-data-engineering-4395021/airflow/dags/basic_etl_dag.py took 0.295 seconds
[2024-11-28T11:07:01.213+0000] {processor.py:157} INFO - Started process (PID=46556) to work on /workspaces/hands-on-introduction-data-engineering-4395021/airflow/dags/basic_etl_dag.py
[2024-11-28T11:07:01.213+0000] {processor.py:826} INFO - Processing file /workspaces/hands-on-introduction-data-engineering-4395021/airflow/dags/basic_etl_dag.py for tasks to queue
[2024-11-28T11:07:01.214+0000] {logging_mixin.py:150} INFO - [2024-11-28T11:07:01.214+0000] {dagbag.py:541} INFO - Filling up the DagBag from /workspaces/hands-on-introduction-data-engineering-4395021/airflow/dags/basic_etl_dag.py
[2024-11-28T11:07:01.455+0000] {processor.py:836} INFO - DAG(s) dict_keys(['basic_etl_dag']) retrieved from /workspaces/hands-on-introduction-data-engineering-4395021/airflow/dags/basic_etl_dag.py
[2024-11-28T11:07:01.470+0000] {logging_mixin.py:150} INFO - [2024-11-28T11:07:01.470+0000] {dag.py:2742} INFO - Sync 1 DAGs
[2024-11-28T11:07:01.484+0000] {logging_mixin.py:150} INFO - [2024-11-28T11:07:01.484+0000] {dag.py:3504} INFO - Setting next_dagrun for basic_etl_dag to None, run_after=None
[2024-11-28T11:07:01.497+0000] {processor.py:179} INFO - Processing /workspaces/hands-on-introduction-data-engineering-4395021/airflow/dags/basic_etl_dag.py took 0.287 seconds
[2024-11-28T11:07:31.806+0000] {processor.py:157} INFO - Started process (PID=46750) to work on /workspaces/hands-on-introduction-data-engineering-4395021/airflow/dags/basic_etl_dag.py
[2024-11-28T11:07:31.807+0000] {processor.py:826} INFO - Processing file /workspaces/hands-on-introduction-data-engineering-4395021/airflow/dags/basic_etl_dag.py for tasks to queue
[2024-11-28T11:07:31.808+0000] {logging_mixin.py:150} INFO - [2024-11-28T11:07:31.807+0000] {dagbag.py:541} INFO - Filling up the DagBag from /workspaces/hands-on-introduction-data-engineering-4395021/airflow/dags/basic_etl_dag.py
[2024-11-28T11:07:32.056+0000] {processor.py:836} INFO - DAG(s) dict_keys(['basic_etl_dag']) retrieved from /workspaces/hands-on-introduction-data-engineering-4395021/airflow/dags/basic_etl_dag.py
[2024-11-28T11:07:32.071+0000] {logging_mixin.py:150} INFO - [2024-11-28T11:07:32.071+0000] {dag.py:2742} INFO - Sync 1 DAGs
[2024-11-28T11:07:32.085+0000] {logging_mixin.py:150} INFO - [2024-11-28T11:07:32.085+0000] {dag.py:3504} INFO - Setting next_dagrun for basic_etl_dag to None, run_after=None
[2024-11-28T11:07:32.099+0000] {processor.py:179} INFO - Processing /workspaces/hands-on-introduction-data-engineering-4395021/airflow/dags/basic_etl_dag.py took 0.295 seconds
[2024-11-28T11:08:02.503+0000] {processor.py:157} INFO - Started process (PID=46959) to work on /workspaces/hands-on-introduction-data-engineering-4395021/airflow/dags/basic_etl_dag.py
[2024-11-28T11:08:02.503+0000] {processor.py:826} INFO - Processing file /workspaces/hands-on-introduction-data-engineering-4395021/airflow/dags/basic_etl_dag.py for tasks to queue
[2024-11-28T11:08:02.504+0000] {logging_mixin.py:150} INFO - [2024-11-28T11:08:02.504+0000] {dagbag.py:541} INFO - Filling up the DagBag from /workspaces/hands-on-introduction-data-engineering-4395021/airflow/dags/basic_etl_dag.py
[2024-11-28T11:08:02.747+0000] {processor.py:836} INFO - DAG(s) dict_keys(['basic_etl_dag']) retrieved from /workspaces/hands-on-introduction-data-engineering-4395021/airflow/dags/basic_etl_dag.py
[2024-11-28T11:08:02.766+0000] {logging_mixin.py:150} INFO - [2024-11-28T11:08:02.766+0000] {dag.py:2742} INFO - Sync 1 DAGs
[2024-11-28T11:08:02.783+0000] {logging_mixin.py:150} INFO - [2024-11-28T11:08:02.783+0000] {dag.py:3504} INFO - Setting next_dagrun for basic_etl_dag to None, run_after=None
[2024-11-28T11:08:02.797+0000] {processor.py:179} INFO - Processing /workspaces/hands-on-introduction-data-engineering-4395021/airflow/dags/basic_etl_dag.py took 0.296 seconds
[2024-11-28T11:08:33.322+0000] {processor.py:157} INFO - Started process (PID=47222) to work on /workspaces/hands-on-introduction-data-engineering-4395021/airflow/dags/basic_etl_dag.py
[2024-11-28T11:08:33.322+0000] {processor.py:826} INFO - Processing file /workspaces/hands-on-introduction-data-engineering-4395021/airflow/dags/basic_etl_dag.py for tasks to queue
[2024-11-28T11:08:33.323+0000] {logging_mixin.py:150} INFO - [2024-11-28T11:08:33.322+0000] {dagbag.py:541} INFO - Filling up the DagBag from /workspaces/hands-on-introduction-data-engineering-4395021/airflow/dags/basic_etl_dag.py
[2024-11-28T11:08:33.564+0000] {processor.py:836} INFO - DAG(s) dict_keys(['basic_etl_dag']) retrieved from /workspaces/hands-on-introduction-data-engineering-4395021/airflow/dags/basic_etl_dag.py
[2024-11-28T11:08:33.586+0000] {logging_mixin.py:150} INFO - [2024-11-28T11:08:33.586+0000] {dag.py:2742} INFO - Sync 1 DAGs
[2024-11-28T11:08:33.600+0000] {logging_mixin.py:150} INFO - [2024-11-28T11:08:33.600+0000] {dag.py:3504} INFO - Setting next_dagrun for basic_etl_dag to None, run_after=None
[2024-11-28T11:08:33.613+0000] {processor.py:179} INFO - Processing /workspaces/hands-on-introduction-data-engineering-4395021/airflow/dags/basic_etl_dag.py took 0.294 seconds
[2024-11-28T11:09:04.332+0000] {processor.py:157} INFO - Started process (PID=47431) to work on /workspaces/hands-on-introduction-data-engineering-4395021/airflow/dags/basic_etl_dag.py
[2024-11-28T11:09:04.333+0000] {processor.py:826} INFO - Processing file /workspaces/hands-on-introduction-data-engineering-4395021/airflow/dags/basic_etl_dag.py for tasks to queue
[2024-11-28T11:09:04.333+0000] {logging_mixin.py:150} INFO - [2024-11-28T11:09:04.333+0000] {dagbag.py:541} INFO - Filling up the DagBag from /workspaces/hands-on-introduction-data-engineering-4395021/airflow/dags/basic_etl_dag.py
[2024-11-28T11:09:04.600+0000] {processor.py:836} INFO - DAG(s) dict_keys(['basic_etl_dag']) retrieved from /workspaces/hands-on-introduction-data-engineering-4395021/airflow/dags/basic_etl_dag.py
[2024-11-28T11:09:04.615+0000] {logging_mixin.py:150} INFO - [2024-11-28T11:09:04.615+0000] {dag.py:2742} INFO - Sync 1 DAGs
[2024-11-28T11:09:04.629+0000] {logging_mixin.py:150} INFO - [2024-11-28T11:09:04.628+0000] {dag.py:3504} INFO - Setting next_dagrun for basic_etl_dag to None, run_after=None
[2024-11-28T11:09:04.642+0000] {processor.py:179} INFO - Processing /workspaces/hands-on-introduction-data-engineering-4395021/airflow/dags/basic_etl_dag.py took 0.312 seconds
[2024-11-28T11:09:34.824+0000] {processor.py:157} INFO - Started process (PID=47645) to work on /workspaces/hands-on-introduction-data-engineering-4395021/airflow/dags/basic_etl_dag.py
[2024-11-28T11:09:34.825+0000] {processor.py:826} INFO - Processing file /workspaces/hands-on-introduction-data-engineering-4395021/airflow/dags/basic_etl_dag.py for tasks to queue
[2024-11-28T11:09:34.826+0000] {logging_mixin.py:150} INFO - [2024-11-28T11:09:34.825+0000] {dagbag.py:541} INFO - Filling up the DagBag from /workspaces/hands-on-introduction-data-engineering-4395021/airflow/dags/basic_etl_dag.py
[2024-11-28T11:09:35.081+0000] {processor.py:836} INFO - DAG(s) dict_keys(['basic_etl_dag']) retrieved from /workspaces/hands-on-introduction-data-engineering-4395021/airflow/dags/basic_etl_dag.py
[2024-11-28T11:09:35.100+0000] {logging_mixin.py:150} INFO - [2024-11-28T11:09:35.099+0000] {dag.py:2742} INFO - Sync 1 DAGs
[2024-11-28T11:09:35.118+0000] {logging_mixin.py:150} INFO - [2024-11-28T11:09:35.118+0000] {dag.py:3504} INFO - Setting next_dagrun for basic_etl_dag to None, run_after=None
[2024-11-28T11:09:35.131+0000] {processor.py:179} INFO - Processing /workspaces/hands-on-introduction-data-engineering-4395021/airflow/dags/basic_etl_dag.py took 0.309 seconds
[2024-11-28T11:10:05.316+0000] {processor.py:157} INFO - Started process (PID=47842) to work on /workspaces/hands-on-introduction-data-engineering-4395021/airflow/dags/basic_etl_dag.py
[2024-11-28T11:10:05.317+0000] {processor.py:826} INFO - Processing file /workspaces/hands-on-introduction-data-engineering-4395021/airflow/dags/basic_etl_dag.py for tasks to queue
[2024-11-28T11:10:05.317+0000] {logging_mixin.py:150} INFO - [2024-11-28T11:10:05.317+0000] {dagbag.py:541} INFO - Filling up the DagBag from /workspaces/hands-on-introduction-data-engineering-4395021/airflow/dags/basic_etl_dag.py
[2024-11-28T11:10:05.558+0000] {processor.py:836} INFO - DAG(s) dict_keys(['basic_etl_dag']) retrieved from /workspaces/hands-on-introduction-data-engineering-4395021/airflow/dags/basic_etl_dag.py
[2024-11-28T11:10:05.575+0000] {logging_mixin.py:150} INFO - [2024-11-28T11:10:05.574+0000] {dag.py:2742} INFO - Sync 1 DAGs
[2024-11-28T11:10:05.589+0000] {logging_mixin.py:150} INFO - [2024-11-28T11:10:05.589+0000] {dag.py:3504} INFO - Setting next_dagrun for basic_etl_dag to None, run_after=None
[2024-11-28T11:10:05.602+0000] {processor.py:179} INFO - Processing /workspaces/hands-on-introduction-data-engineering-4395021/airflow/dags/basic_etl_dag.py took 0.288 seconds
[2024-11-28T11:10:35.719+0000] {processor.py:157} INFO - Started process (PID=48033) to work on /workspaces/hands-on-introduction-data-engineering-4395021/airflow/dags/basic_etl_dag.py
[2024-11-28T11:10:35.720+0000] {processor.py:826} INFO - Processing file /workspaces/hands-on-introduction-data-engineering-4395021/airflow/dags/basic_etl_dag.py for tasks to queue
[2024-11-28T11:10:35.721+0000] {logging_mixin.py:150} INFO - [2024-11-28T11:10:35.720+0000] {dagbag.py:541} INFO - Filling up the DagBag from /workspaces/hands-on-introduction-data-engineering-4395021/airflow/dags/basic_etl_dag.py
[2024-11-28T11:10:35.965+0000] {processor.py:836} INFO - DAG(s) dict_keys(['basic_etl_dag']) retrieved from /workspaces/hands-on-introduction-data-engineering-4395021/airflow/dags/basic_etl_dag.py
[2024-11-28T11:10:35.982+0000] {logging_mixin.py:150} INFO - [2024-11-28T11:10:35.981+0000] {dag.py:2742} INFO - Sync 1 DAGs
[2024-11-28T11:10:35.996+0000] {logging_mixin.py:150} INFO - [2024-11-28T11:10:35.996+0000] {dag.py:3504} INFO - Setting next_dagrun for basic_etl_dag to None, run_after=None
[2024-11-28T11:10:36.010+0000] {processor.py:179} INFO - Processing /workspaces/hands-on-introduction-data-engineering-4395021/airflow/dags/basic_etl_dag.py took 0.292 seconds
[2024-11-28T11:11:06.117+0000] {processor.py:157} INFO - Started process (PID=48252) to work on /workspaces/hands-on-introduction-data-engineering-4395021/airflow/dags/basic_etl_dag.py
[2024-11-28T11:11:06.117+0000] {processor.py:826} INFO - Processing file /workspaces/hands-on-introduction-data-engineering-4395021/airflow/dags/basic_etl_dag.py for tasks to queue
[2024-11-28T11:11:06.118+0000] {logging_mixin.py:150} INFO - [2024-11-28T11:11:06.118+0000] {dagbag.py:541} INFO - Filling up the DagBag from /workspaces/hands-on-introduction-data-engineering-4395021/airflow/dags/basic_etl_dag.py
[2024-11-28T11:11:06.544+0000] {processor.py:836} INFO - DAG(s) dict_keys(['basic_etl_dag']) retrieved from /workspaces/hands-on-introduction-data-engineering-4395021/airflow/dags/basic_etl_dag.py
[2024-11-28T11:11:06.569+0000] {logging_mixin.py:150} INFO - [2024-11-28T11:11:06.569+0000] {dag.py:2742} INFO - Sync 1 DAGs
[2024-11-28T11:11:06.594+0000] {logging_mixin.py:150} INFO - [2024-11-28T11:11:06.594+0000] {dag.py:3504} INFO - Setting next_dagrun for basic_etl_dag to None, run_after=None
[2024-11-28T11:11:06.614+0000] {processor.py:179} INFO - Processing /workspaces/hands-on-introduction-data-engineering-4395021/airflow/dags/basic_etl_dag.py took 0.499 seconds
[2024-11-28T11:11:36.840+0000] {processor.py:157} INFO - Started process (PID=48459) to work on /workspaces/hands-on-introduction-data-engineering-4395021/airflow/dags/basic_etl_dag.py
[2024-11-28T11:11:36.841+0000] {processor.py:826} INFO - Processing file /workspaces/hands-on-introduction-data-engineering-4395021/airflow/dags/basic_etl_dag.py for tasks to queue
[2024-11-28T11:11:36.842+0000] {logging_mixin.py:150} INFO - [2024-11-28T11:11:36.841+0000] {dagbag.py:541} INFO - Filling up the DagBag from /workspaces/hands-on-introduction-data-engineering-4395021/airflow/dags/basic_etl_dag.py
[2024-11-28T11:11:37.082+0000] {processor.py:836} INFO - DAG(s) dict_keys(['basic_etl_dag']) retrieved from /workspaces/hands-on-introduction-data-engineering-4395021/airflow/dags/basic_etl_dag.py
[2024-11-28T11:11:37.098+0000] {logging_mixin.py:150} INFO - [2024-11-28T11:11:37.098+0000] {dag.py:2742} INFO - Sync 1 DAGs
[2024-11-28T11:11:37.112+0000] {logging_mixin.py:150} INFO - [2024-11-28T11:11:37.112+0000] {dag.py:3504} INFO - Setting next_dagrun for basic_etl_dag to None, run_after=None
[2024-11-28T11:11:37.126+0000] {processor.py:179} INFO - Processing /workspaces/hands-on-introduction-data-engineering-4395021/airflow/dags/basic_etl_dag.py took 0.287 seconds
[2024-11-28T11:12:07.226+0000] {processor.py:157} INFO - Started process (PID=48706) to work on /workspaces/hands-on-introduction-data-engineering-4395021/airflow/dags/basic_etl_dag.py
[2024-11-28T11:12:07.227+0000] {processor.py:826} INFO - Processing file /workspaces/hands-on-introduction-data-engineering-4395021/airflow/dags/basic_etl_dag.py for tasks to queue
[2024-11-28T11:12:07.227+0000] {logging_mixin.py:150} INFO - [2024-11-28T11:12:07.227+0000] {dagbag.py:541} INFO - Filling up the DagBag from /workspaces/hands-on-introduction-data-engineering-4395021/airflow/dags/basic_etl_dag.py
[2024-11-28T11:12:07.496+0000] {processor.py:836} INFO - DAG(s) dict_keys(['basic_etl_dag']) retrieved from /workspaces/hands-on-introduction-data-engineering-4395021/airflow/dags/basic_etl_dag.py
[2024-11-28T11:12:07.512+0000] {logging_mixin.py:150} INFO - [2024-11-28T11:12:07.511+0000] {dag.py:2742} INFO - Sync 1 DAGs
[2024-11-28T11:12:07.525+0000] {logging_mixin.py:150} INFO - [2024-11-28T11:12:07.525+0000] {dag.py:3504} INFO - Setting next_dagrun for basic_etl_dag to None, run_after=None
[2024-11-28T11:12:07.539+0000] {processor.py:179} INFO - Processing /workspaces/hands-on-introduction-data-engineering-4395021/airflow/dags/basic_etl_dag.py took 0.314 seconds
[2024-11-28T11:12:38.614+0000] {processor.py:157} INFO - Started process (PID=48921) to work on /workspaces/hands-on-introduction-data-engineering-4395021/airflow/dags/basic_etl_dag.py
[2024-11-28T11:12:38.615+0000] {processor.py:826} INFO - Processing file /workspaces/hands-on-introduction-data-engineering-4395021/airflow/dags/basic_etl_dag.py for tasks to queue
[2024-11-28T11:12:38.615+0000] {logging_mixin.py:150} INFO - [2024-11-28T11:12:38.615+0000] {dagbag.py:541} INFO - Filling up the DagBag from /workspaces/hands-on-introduction-data-engineering-4395021/airflow/dags/basic_etl_dag.py
[2024-11-28T11:12:38.859+0000] {processor.py:836} INFO - DAG(s) dict_keys(['basic_etl_dag']) retrieved from /workspaces/hands-on-introduction-data-engineering-4395021/airflow/dags/basic_etl_dag.py
[2024-11-28T11:12:38.874+0000] {logging_mixin.py:150} INFO - [2024-11-28T11:12:38.874+0000] {dag.py:2742} INFO - Sync 1 DAGs
[2024-11-28T11:12:38.887+0000] {logging_mixin.py:150} INFO - [2024-11-28T11:12:38.887+0000] {dag.py:3504} INFO - Setting next_dagrun for basic_etl_dag to None, run_after=None
[2024-11-28T11:12:38.900+0000] {processor.py:179} INFO - Processing /workspaces/hands-on-introduction-data-engineering-4395021/airflow/dags/basic_etl_dag.py took 0.288 seconds
[2024-11-28T11:13:09.291+0000] {processor.py:157} INFO - Started process (PID=49188) to work on /workspaces/hands-on-introduction-data-engineering-4395021/airflow/dags/basic_etl_dag.py
[2024-11-28T11:13:09.292+0000] {processor.py:826} INFO - Processing file /workspaces/hands-on-introduction-data-engineering-4395021/airflow/dags/basic_etl_dag.py for tasks to queue
[2024-11-28T11:13:09.293+0000] {logging_mixin.py:150} INFO - [2024-11-28T11:13:09.292+0000] {dagbag.py:541} INFO - Filling up the DagBag from /workspaces/hands-on-introduction-data-engineering-4395021/airflow/dags/basic_etl_dag.py
[2024-11-28T11:13:09.575+0000] {processor.py:836} INFO - DAG(s) dict_keys(['basic_etl_dag']) retrieved from /workspaces/hands-on-introduction-data-engineering-4395021/airflow/dags/basic_etl_dag.py
[2024-11-28T11:13:09.590+0000] {logging_mixin.py:150} INFO - [2024-11-28T11:13:09.590+0000] {dag.py:2742} INFO - Sync 1 DAGs
[2024-11-28T11:13:09.604+0000] {logging_mixin.py:150} INFO - [2024-11-28T11:13:09.604+0000] {dag.py:3504} INFO - Setting next_dagrun for basic_etl_dag to None, run_after=None
[2024-11-28T11:13:09.617+0000] {processor.py:179} INFO - Processing /workspaces/hands-on-introduction-data-engineering-4395021/airflow/dags/basic_etl_dag.py took 0.328 seconds
[2024-11-28T11:13:40.662+0000] {processor.py:157} INFO - Started process (PID=49403) to work on /workspaces/hands-on-introduction-data-engineering-4395021/airflow/dags/basic_etl_dag.py
[2024-11-28T11:13:40.663+0000] {processor.py:826} INFO - Processing file /workspaces/hands-on-introduction-data-engineering-4395021/airflow/dags/basic_etl_dag.py for tasks to queue
[2024-11-28T11:13:40.664+0000] {logging_mixin.py:150} INFO - [2024-11-28T11:13:40.663+0000] {dagbag.py:541} INFO - Filling up the DagBag from /workspaces/hands-on-introduction-data-engineering-4395021/airflow/dags/basic_etl_dag.py
[2024-11-28T11:13:40.904+0000] {processor.py:836} INFO - DAG(s) dict_keys(['basic_etl_dag']) retrieved from /workspaces/hands-on-introduction-data-engineering-4395021/airflow/dags/basic_etl_dag.py
[2024-11-28T11:13:40.920+0000] {logging_mixin.py:150} INFO - [2024-11-28T11:13:40.920+0000] {dag.py:2742} INFO - Sync 1 DAGs
[2024-11-28T11:13:40.933+0000] {logging_mixin.py:150} INFO - [2024-11-28T11:13:40.933+0000] {dag.py:3504} INFO - Setting next_dagrun for basic_etl_dag to None, run_after=None
[2024-11-28T11:13:40.947+0000] {processor.py:179} INFO - Processing /workspaces/hands-on-introduction-data-engineering-4395021/airflow/dags/basic_etl_dag.py took 0.286 seconds
[2024-11-28T11:14:10.989+0000] {processor.py:157} INFO - Started process (PID=49626) to work on /workspaces/hands-on-introduction-data-engineering-4395021/airflow/dags/basic_etl_dag.py
[2024-11-28T11:14:10.989+0000] {processor.py:826} INFO - Processing file /workspaces/hands-on-introduction-data-engineering-4395021/airflow/dags/basic_etl_dag.py for tasks to queue
[2024-11-28T11:14:10.990+0000] {logging_mixin.py:150} INFO - [2024-11-28T11:14:10.990+0000] {dagbag.py:541} INFO - Filling up the DagBag from /workspaces/hands-on-introduction-data-engineering-4395021/airflow/dags/basic_etl_dag.py
[2024-11-28T11:14:11.238+0000] {processor.py:836} INFO - DAG(s) dict_keys(['basic_etl_dag']) retrieved from /workspaces/hands-on-introduction-data-engineering-4395021/airflow/dags/basic_etl_dag.py
[2024-11-28T11:14:11.253+0000] {logging_mixin.py:150} INFO - [2024-11-28T11:14:11.253+0000] {dag.py:2742} INFO - Sync 1 DAGs
[2024-11-28T11:14:11.267+0000] {logging_mixin.py:150} INFO - [2024-11-28T11:14:11.267+0000] {dag.py:3504} INFO - Setting next_dagrun for basic_etl_dag to None, run_after=None
[2024-11-28T11:14:11.280+0000] {processor.py:179} INFO - Processing /workspaces/hands-on-introduction-data-engineering-4395021/airflow/dags/basic_etl_dag.py took 0.294 seconds
[2024-11-28T11:14:41.591+0000] {processor.py:157} INFO - Started process (PID=49815) to work on /workspaces/hands-on-introduction-data-engineering-4395021/airflow/dags/basic_etl_dag.py
[2024-11-28T11:14:41.591+0000] {processor.py:826} INFO - Processing file /workspaces/hands-on-introduction-data-engineering-4395021/airflow/dags/basic_etl_dag.py for tasks to queue
[2024-11-28T11:14:41.592+0000] {logging_mixin.py:150} INFO - [2024-11-28T11:14:41.592+0000] {dagbag.py:541} INFO - Filling up the DagBag from /workspaces/hands-on-introduction-data-engineering-4395021/airflow/dags/basic_etl_dag.py
[2024-11-28T11:14:41.869+0000] {processor.py:836} INFO - DAG(s) dict_keys(['basic_etl_dag']) retrieved from /workspaces/hands-on-introduction-data-engineering-4395021/airflow/dags/basic_etl_dag.py
[2024-11-28T11:14:41.887+0000] {logging_mixin.py:150} INFO - [2024-11-28T11:14:41.887+0000] {dag.py:2742} INFO - Sync 1 DAGs
[2024-11-28T11:14:41.903+0000] {logging_mixin.py:150} INFO - [2024-11-28T11:14:41.902+0000] {dag.py:3504} INFO - Setting next_dagrun for basic_etl_dag to None, run_after=None
[2024-11-28T11:14:41.919+0000] {processor.py:179} INFO - Processing /workspaces/hands-on-introduction-data-engineering-4395021/airflow/dags/basic_etl_dag.py took 0.330 seconds
[2024-11-28T11:15:12.192+0000] {processor.py:157} INFO - Started process (PID=50002) to work on /workspaces/hands-on-introduction-data-engineering-4395021/airflow/dags/basic_etl_dag.py
[2024-11-28T11:15:12.193+0000] {processor.py:826} INFO - Processing file /workspaces/hands-on-introduction-data-engineering-4395021/airflow/dags/basic_etl_dag.py for tasks to queue
[2024-11-28T11:15:12.193+0000] {logging_mixin.py:150} INFO - [2024-11-28T11:15:12.193+0000] {dagbag.py:541} INFO - Filling up the DagBag from /workspaces/hands-on-introduction-data-engineering-4395021/airflow/dags/basic_etl_dag.py
[2024-11-28T11:15:12.435+0000] {processor.py:836} INFO - DAG(s) dict_keys(['basic_etl_dag']) retrieved from /workspaces/hands-on-introduction-data-engineering-4395021/airflow/dags/basic_etl_dag.py
[2024-11-28T11:15:12.537+0000] {logging_mixin.py:150} INFO - [2024-11-28T11:15:12.536+0000] {dag.py:2742} INFO - Sync 1 DAGs
[2024-11-28T11:15:12.549+0000] {logging_mixin.py:150} INFO - [2024-11-28T11:15:12.549+0000] {dag.py:3504} INFO - Setting next_dagrun for basic_etl_dag to None, run_after=None
[2024-11-28T11:15:12.562+0000] {processor.py:179} INFO - Processing /workspaces/hands-on-introduction-data-engineering-4395021/airflow/dags/basic_etl_dag.py took 0.372 seconds
[2024-11-28T11:15:42.797+0000] {processor.py:157} INFO - Started process (PID=50190) to work on /workspaces/hands-on-introduction-data-engineering-4395021/airflow/dags/basic_etl_dag.py
[2024-11-28T11:15:42.797+0000] {processor.py:826} INFO - Processing file /workspaces/hands-on-introduction-data-engineering-4395021/airflow/dags/basic_etl_dag.py for tasks to queue
[2024-11-28T11:15:42.798+0000] {logging_mixin.py:150} INFO - [2024-11-28T11:15:42.798+0000] {dagbag.py:541} INFO - Filling up the DagBag from /workspaces/hands-on-introduction-data-engineering-4395021/airflow/dags/basic_etl_dag.py
[2024-11-28T11:15:43.042+0000] {processor.py:836} INFO - DAG(s) dict_keys(['basic_etl_dag']) retrieved from /workspaces/hands-on-introduction-data-engineering-4395021/airflow/dags/basic_etl_dag.py
[2024-11-28T11:15:43.150+0000] {logging_mixin.py:150} INFO - [2024-11-28T11:15:43.150+0000] {dag.py:2742} INFO - Sync 1 DAGs
[2024-11-28T11:15:43.163+0000] {logging_mixin.py:150} INFO - [2024-11-28T11:15:43.163+0000] {dag.py:3504} INFO - Setting next_dagrun for basic_etl_dag to None, run_after=None
[2024-11-28T11:15:43.176+0000] {processor.py:179} INFO - Processing /workspaces/hands-on-introduction-data-engineering-4395021/airflow/dags/basic_etl_dag.py took 0.382 seconds
[2024-11-28T11:16:13.389+0000] {processor.py:157} INFO - Started process (PID=50869) to work on /workspaces/hands-on-introduction-data-engineering-4395021/airflow/dags/basic_etl_dag.py
[2024-11-28T11:16:13.390+0000] {processor.py:826} INFO - Processing file /workspaces/hands-on-introduction-data-engineering-4395021/airflow/dags/basic_etl_dag.py for tasks to queue
[2024-11-28T11:16:13.390+0000] {logging_mixin.py:150} INFO - [2024-11-28T11:16:13.390+0000] {dagbag.py:541} INFO - Filling up the DagBag from /workspaces/hands-on-introduction-data-engineering-4395021/airflow/dags/basic_etl_dag.py
[2024-11-28T11:16:13.655+0000] {processor.py:836} INFO - DAG(s) dict_keys(['basic_etl_dag']) retrieved from /workspaces/hands-on-introduction-data-engineering-4395021/airflow/dags/basic_etl_dag.py
[2024-11-28T11:16:13.799+0000] {logging_mixin.py:150} INFO - [2024-11-28T11:16:13.799+0000] {dag.py:2742} INFO - Sync 1 DAGs
[2024-11-28T11:16:13.832+0000] {logging_mixin.py:150} INFO - [2024-11-28T11:16:13.832+0000] {dag.py:3504} INFO - Setting next_dagrun for basic_etl_dag to None, run_after=None
[2024-11-28T11:16:13.851+0000] {processor.py:179} INFO - Processing /workspaces/hands-on-introduction-data-engineering-4395021/airflow/dags/basic_etl_dag.py took 0.464 seconds
[2024-11-28T11:16:44.096+0000] {processor.py:157} INFO - Started process (PID=51168) to work on /workspaces/hands-on-introduction-data-engineering-4395021/airflow/dags/basic_etl_dag.py
[2024-11-28T11:16:44.096+0000] {processor.py:826} INFO - Processing file /workspaces/hands-on-introduction-data-engineering-4395021/airflow/dags/basic_etl_dag.py for tasks to queue
[2024-11-28T11:16:44.097+0000] {logging_mixin.py:150} INFO - [2024-11-28T11:16:44.097+0000] {dagbag.py:541} INFO - Filling up the DagBag from /workspaces/hands-on-introduction-data-engineering-4395021/airflow/dags/basic_etl_dag.py
[2024-11-28T11:16:44.347+0000] {processor.py:836} INFO - DAG(s) dict_keys(['basic_etl_dag']) retrieved from /workspaces/hands-on-introduction-data-engineering-4395021/airflow/dags/basic_etl_dag.py
[2024-11-28T11:16:44.477+0000] {logging_mixin.py:150} INFO - [2024-11-28T11:16:44.477+0000] {dag.py:2742} INFO - Sync 1 DAGs
[2024-11-28T11:16:44.495+0000] {logging_mixin.py:150} INFO - [2024-11-28T11:16:44.495+0000] {dag.py:3504} INFO - Setting next_dagrun for basic_etl_dag to None, run_after=None
[2024-11-28T11:16:44.513+0000] {processor.py:179} INFO - Processing /workspaces/hands-on-introduction-data-engineering-4395021/airflow/dags/basic_etl_dag.py took 0.419 seconds
[2024-11-28T11:17:14.790+0000] {processor.py:157} INFO - Started process (PID=51527) to work on /workspaces/hands-on-introduction-data-engineering-4395021/airflow/dags/basic_etl_dag.py
[2024-11-28T11:17:14.790+0000] {processor.py:826} INFO - Processing file /workspaces/hands-on-introduction-data-engineering-4395021/airflow/dags/basic_etl_dag.py for tasks to queue
[2024-11-28T11:17:14.791+0000] {logging_mixin.py:150} INFO - [2024-11-28T11:17:14.791+0000] {dagbag.py:541} INFO - Filling up the DagBag from /workspaces/hands-on-introduction-data-engineering-4395021/airflow/dags/basic_etl_dag.py
[2024-11-28T11:17:15.032+0000] {processor.py:836} INFO - DAG(s) dict_keys(['basic_etl_dag']) retrieved from /workspaces/hands-on-introduction-data-engineering-4395021/airflow/dags/basic_etl_dag.py
[2024-11-28T11:17:15.149+0000] {logging_mixin.py:150} INFO - [2024-11-28T11:17:15.149+0000] {dag.py:2742} INFO - Sync 1 DAGs
[2024-11-28T11:17:15.169+0000] {logging_mixin.py:150} INFO - [2024-11-28T11:17:15.168+0000] {dag.py:3504} INFO - Setting next_dagrun for basic_etl_dag to None, run_after=None
[2024-11-28T11:17:15.183+0000] {processor.py:179} INFO - Processing /workspaces/hands-on-introduction-data-engineering-4395021/airflow/dags/basic_etl_dag.py took 0.396 seconds
[2024-11-28T11:17:45.390+0000] {processor.py:157} INFO - Started process (PID=51880) to work on /workspaces/hands-on-introduction-data-engineering-4395021/airflow/dags/basic_etl_dag.py
[2024-11-28T11:17:45.391+0000] {processor.py:826} INFO - Processing file /workspaces/hands-on-introduction-data-engineering-4395021/airflow/dags/basic_etl_dag.py for tasks to queue
[2024-11-28T11:17:45.391+0000] {logging_mixin.py:150} INFO - [2024-11-28T11:17:45.391+0000] {dagbag.py:541} INFO - Filling up the DagBag from /workspaces/hands-on-introduction-data-engineering-4395021/airflow/dags/basic_etl_dag.py
[2024-11-28T11:17:45.640+0000] {processor.py:836} INFO - DAG(s) dict_keys(['basic_etl_dag']) retrieved from /workspaces/hands-on-introduction-data-engineering-4395021/airflow/dags/basic_etl_dag.py
[2024-11-28T11:17:45.742+0000] {logging_mixin.py:150} INFO - [2024-11-28T11:17:45.742+0000] {dag.py:2742} INFO - Sync 1 DAGs
[2024-11-28T11:17:45.755+0000] {logging_mixin.py:150} INFO - [2024-11-28T11:17:45.754+0000] {dag.py:3504} INFO - Setting next_dagrun for basic_etl_dag to None, run_after=None
[2024-11-28T11:17:45.770+0000] {processor.py:179} INFO - Processing /workspaces/hands-on-introduction-data-engineering-4395021/airflow/dags/basic_etl_dag.py took 0.382 seconds
[2024-11-28T11:18:15.981+0000] {processor.py:157} INFO - Started process (PID=52197) to work on /workspaces/hands-on-introduction-data-engineering-4395021/airflow/dags/basic_etl_dag.py
[2024-11-28T11:18:15.982+0000] {processor.py:826} INFO - Processing file /workspaces/hands-on-introduction-data-engineering-4395021/airflow/dags/basic_etl_dag.py for tasks to queue
[2024-11-28T11:18:15.982+0000] {logging_mixin.py:150} INFO - [2024-11-28T11:18:15.982+0000] {dagbag.py:541} INFO - Filling up the DagBag from /workspaces/hands-on-introduction-data-engineering-4395021/airflow/dags/basic_etl_dag.py
[2024-11-28T11:18:16.339+0000] {processor.py:836} INFO - DAG(s) dict_keys(['basic_etl_dag']) retrieved from /workspaces/hands-on-introduction-data-engineering-4395021/airflow/dags/basic_etl_dag.py
[2024-11-28T11:18:16.353+0000] {logging_mixin.py:150} INFO - [2024-11-28T11:18:16.353+0000] {dag.py:2742} INFO - Sync 1 DAGs
[2024-11-28T11:18:16.366+0000] {logging_mixin.py:150} INFO - [2024-11-28T11:18:16.366+0000] {dag.py:3504} INFO - Setting next_dagrun for basic_etl_dag to None, run_after=None
[2024-11-28T11:18:16.379+0000] {processor.py:179} INFO - Processing /workspaces/hands-on-introduction-data-engineering-4395021/airflow/dags/basic_etl_dag.py took 0.400 seconds
