[2024-11-28T11:04:38.731+0000] {processor.py:157} INFO - Started process (PID=45652) to work on /workspaces/hands-on-introduction-data-engineering-4395021/airflow/dags/challenge_dag.py
[2024-11-28T11:04:38.732+0000] {processor.py:826} INFO - Processing file /workspaces/hands-on-introduction-data-engineering-4395021/airflow/dags/challenge_dag.py for tasks to queue
[2024-11-28T11:04:38.733+0000] {logging_mixin.py:150} INFO - [2024-11-28T11:04:38.732+0000] {dagbag.py:541} INFO - Filling up the DagBag from /workspaces/hands-on-introduction-data-engineering-4395021/airflow/dags/challenge_dag.py
[2024-11-28T11:04:38.982+0000] {processor.py:836} INFO - DAG(s) dict_keys(['challenge_dag']) retrieved from /workspaces/hands-on-introduction-data-engineering-4395021/airflow/dags/challenge_dag.py
[2024-11-28T11:04:39.057+0000] {logging_mixin.py:150} INFO - [2024-11-28T11:04:39.057+0000] {manager.py:504} INFO - Created Permission View: can delete on DAG:challenge_dag
[2024-11-28T11:04:39.065+0000] {logging_mixin.py:150} INFO - [2024-11-28T11:04:39.065+0000] {manager.py:504} INFO - Created Permission View: can edit on DAG:challenge_dag
[2024-11-28T11:04:39.071+0000] {logging_mixin.py:150} INFO - [2024-11-28T11:04:39.071+0000] {manager.py:504} INFO - Created Permission View: can read on DAG:challenge_dag
[2024-11-28T11:04:39.078+0000] {logging_mixin.py:150} INFO - [2024-11-28T11:04:39.078+0000] {dag.py:2742} INFO - Sync 1 DAGs
[2024-11-28T11:04:39.085+0000] {logging_mixin.py:150} INFO - [2024-11-28T11:04:39.085+0000] {dag.py:2763} INFO - Creating ORM DAG for challenge_dag
[2024-11-28T11:04:39.091+0000] {logging_mixin.py:150} INFO - [2024-11-28T11:04:39.091+0000] {dag.py:3504} INFO - Setting next_dagrun for challenge_dag to None, run_after=None
[2024-11-28T11:04:39.116+0000] {processor.py:179} INFO - Processing /workspaces/hands-on-introduction-data-engineering-4395021/airflow/dags/challenge_dag.py took 0.390 seconds
[2024-11-28T11:05:09.344+0000] {processor.py:157} INFO - Started process (PID=45838) to work on /workspaces/hands-on-introduction-data-engineering-4395021/airflow/dags/challenge_dag.py
[2024-11-28T11:05:09.344+0000] {processor.py:826} INFO - Processing file /workspaces/hands-on-introduction-data-engineering-4395021/airflow/dags/challenge_dag.py for tasks to queue
[2024-11-28T11:05:09.345+0000] {logging_mixin.py:150} INFO - [2024-11-28T11:05:09.344+0000] {dagbag.py:541} INFO - Filling up the DagBag from /workspaces/hands-on-introduction-data-engineering-4395021/airflow/dags/challenge_dag.py
[2024-11-28T11:05:09.613+0000] {processor.py:836} INFO - DAG(s) dict_keys(['challenge_dag']) retrieved from /workspaces/hands-on-introduction-data-engineering-4395021/airflow/dags/challenge_dag.py
[2024-11-28T11:05:09.628+0000] {logging_mixin.py:150} INFO - [2024-11-28T11:05:09.628+0000] {dag.py:2742} INFO - Sync 1 DAGs
[2024-11-28T11:05:09.642+0000] {logging_mixin.py:150} INFO - [2024-11-28T11:05:09.642+0000] {dag.py:3504} INFO - Setting next_dagrun for challenge_dag to None, run_after=None
[2024-11-28T11:05:09.656+0000] {processor.py:179} INFO - Processing /workspaces/hands-on-introduction-data-engineering-4395021/airflow/dags/challenge_dag.py took 0.315 seconds
[2024-11-28T11:05:39.840+0000] {processor.py:157} INFO - Started process (PID=46027) to work on /workspaces/hands-on-introduction-data-engineering-4395021/airflow/dags/challenge_dag.py
[2024-11-28T11:05:39.841+0000] {processor.py:826} INFO - Processing file /workspaces/hands-on-introduction-data-engineering-4395021/airflow/dags/challenge_dag.py for tasks to queue
[2024-11-28T11:05:39.841+0000] {logging_mixin.py:150} INFO - [2024-11-28T11:05:39.841+0000] {dagbag.py:541} INFO - Filling up the DagBag from /workspaces/hands-on-introduction-data-engineering-4395021/airflow/dags/challenge_dag.py
[2024-11-28T11:05:40.093+0000] {processor.py:836} INFO - DAG(s) dict_keys(['challenge_dag']) retrieved from /workspaces/hands-on-introduction-data-engineering-4395021/airflow/dags/challenge_dag.py
[2024-11-28T11:05:40.109+0000] {logging_mixin.py:150} INFO - [2024-11-28T11:05:40.109+0000] {dag.py:2742} INFO - Sync 1 DAGs
[2024-11-28T11:05:40.122+0000] {logging_mixin.py:150} INFO - [2024-11-28T11:05:40.122+0000] {dag.py:3504} INFO - Setting next_dagrun for challenge_dag to None, run_after=None
[2024-11-28T11:05:40.137+0000] {processor.py:179} INFO - Processing /workspaces/hands-on-introduction-data-engineering-4395021/airflow/dags/challenge_dag.py took 0.299 seconds
[2024-11-28T11:06:10.338+0000] {processor.py:157} INFO - Started process (PID=46215) to work on /workspaces/hands-on-introduction-data-engineering-4395021/airflow/dags/challenge_dag.py
[2024-11-28T11:06:10.339+0000] {processor.py:826} INFO - Processing file /workspaces/hands-on-introduction-data-engineering-4395021/airflow/dags/challenge_dag.py for tasks to queue
[2024-11-28T11:06:10.339+0000] {logging_mixin.py:150} INFO - [2024-11-28T11:06:10.339+0000] {dagbag.py:541} INFO - Filling up the DagBag from /workspaces/hands-on-introduction-data-engineering-4395021/airflow/dags/challenge_dag.py
[2024-11-28T11:06:10.584+0000] {processor.py:836} INFO - DAG(s) dict_keys(['challenge_dag']) retrieved from /workspaces/hands-on-introduction-data-engineering-4395021/airflow/dags/challenge_dag.py
[2024-11-28T11:06:10.604+0000] {logging_mixin.py:150} INFO - [2024-11-28T11:06:10.604+0000] {dag.py:2742} INFO - Sync 1 DAGs
[2024-11-28T11:06:10.626+0000] {logging_mixin.py:150} INFO - [2024-11-28T11:06:10.626+0000] {dag.py:3504} INFO - Setting next_dagrun for challenge_dag to None, run_after=None
[2024-11-28T11:06:10.658+0000] {processor.py:179} INFO - Processing /workspaces/hands-on-introduction-data-engineering-4395021/airflow/dags/challenge_dag.py took 0.322 seconds
[2024-11-28T11:06:40.837+0000] {processor.py:157} INFO - Started process (PID=46410) to work on /workspaces/hands-on-introduction-data-engineering-4395021/airflow/dags/challenge_dag.py
[2024-11-28T11:06:40.838+0000] {processor.py:826} INFO - Processing file /workspaces/hands-on-introduction-data-engineering-4395021/airflow/dags/challenge_dag.py for tasks to queue
[2024-11-28T11:06:40.839+0000] {logging_mixin.py:150} INFO - [2024-11-28T11:06:40.838+0000] {dagbag.py:541} INFO - Filling up the DagBag from /workspaces/hands-on-introduction-data-engineering-4395021/airflow/dags/challenge_dag.py
[2024-11-28T11:06:41.082+0000] {processor.py:836} INFO - DAG(s) dict_keys(['challenge_dag']) retrieved from /workspaces/hands-on-introduction-data-engineering-4395021/airflow/dags/challenge_dag.py
[2024-11-28T11:06:41.099+0000] {logging_mixin.py:150} INFO - [2024-11-28T11:06:41.099+0000] {dag.py:2742} INFO - Sync 1 DAGs
[2024-11-28T11:06:41.113+0000] {logging_mixin.py:150} INFO - [2024-11-28T11:06:41.113+0000] {dag.py:3504} INFO - Setting next_dagrun for challenge_dag to None, run_after=None
[2024-11-28T11:06:41.127+0000] {processor.py:179} INFO - Processing /workspaces/hands-on-introduction-data-engineering-4395021/airflow/dags/challenge_dag.py took 0.292 seconds
[2024-11-28T11:07:11.435+0000] {processor.py:157} INFO - Started process (PID=46619) to work on /workspaces/hands-on-introduction-data-engineering-4395021/airflow/dags/challenge_dag.py
[2024-11-28T11:07:11.436+0000] {processor.py:826} INFO - Processing file /workspaces/hands-on-introduction-data-engineering-4395021/airflow/dags/challenge_dag.py for tasks to queue
[2024-11-28T11:07:11.437+0000] {logging_mixin.py:150} INFO - [2024-11-28T11:07:11.436+0000] {dagbag.py:541} INFO - Filling up the DagBag from /workspaces/hands-on-introduction-data-engineering-4395021/airflow/dags/challenge_dag.py
[2024-11-28T11:07:11.676+0000] {processor.py:836} INFO - DAG(s) dict_keys(['challenge_dag']) retrieved from /workspaces/hands-on-introduction-data-engineering-4395021/airflow/dags/challenge_dag.py
[2024-11-28T11:07:11.691+0000] {logging_mixin.py:150} INFO - [2024-11-28T11:07:11.691+0000] {dag.py:2742} INFO - Sync 1 DAGs
[2024-11-28T11:07:11.704+0000] {logging_mixin.py:150} INFO - [2024-11-28T11:07:11.704+0000] {dag.py:3504} INFO - Setting next_dagrun for challenge_dag to None, run_after=None
[2024-11-28T11:07:11.718+0000] {processor.py:179} INFO - Processing /workspaces/hands-on-introduction-data-engineering-4395021/airflow/dags/challenge_dag.py took 0.285 seconds
[2024-11-28T11:07:42.032+0000] {processor.py:157} INFO - Started process (PID=46821) to work on /workspaces/hands-on-introduction-data-engineering-4395021/airflow/dags/challenge_dag.py
[2024-11-28T11:07:42.033+0000] {processor.py:826} INFO - Processing file /workspaces/hands-on-introduction-data-engineering-4395021/airflow/dags/challenge_dag.py for tasks to queue
[2024-11-28T11:07:42.033+0000] {logging_mixin.py:150} INFO - [2024-11-28T11:07:42.033+0000] {dagbag.py:541} INFO - Filling up the DagBag from /workspaces/hands-on-introduction-data-engineering-4395021/airflow/dags/challenge_dag.py
[2024-11-28T11:07:42.298+0000] {processor.py:836} INFO - DAG(s) dict_keys(['challenge_dag']) retrieved from /workspaces/hands-on-introduction-data-engineering-4395021/airflow/dags/challenge_dag.py
[2024-11-28T11:07:42.319+0000] {logging_mixin.py:150} INFO - [2024-11-28T11:07:42.319+0000] {dag.py:2742} INFO - Sync 1 DAGs
[2024-11-28T11:07:42.339+0000] {logging_mixin.py:150} INFO - [2024-11-28T11:07:42.338+0000] {dag.py:3504} INFO - Setting next_dagrun for challenge_dag to None, run_after=None
[2024-11-28T11:07:42.363+0000] {processor.py:179} INFO - Processing /workspaces/hands-on-introduction-data-engineering-4395021/airflow/dags/challenge_dag.py took 0.333 seconds
[2024-11-28T11:08:12.767+0000] {processor.py:157} INFO - Started process (PID=47093) to work on /workspaces/hands-on-introduction-data-engineering-4395021/airflow/dags/challenge_dag.py
[2024-11-28T11:08:12.768+0000] {processor.py:826} INFO - Processing file /workspaces/hands-on-introduction-data-engineering-4395021/airflow/dags/challenge_dag.py for tasks to queue
[2024-11-28T11:08:12.768+0000] {logging_mixin.py:150} INFO - [2024-11-28T11:08:12.768+0000] {dagbag.py:541} INFO - Filling up the DagBag from /workspaces/hands-on-introduction-data-engineering-4395021/airflow/dags/challenge_dag.py
[2024-11-28T11:08:13.016+0000] {processor.py:836} INFO - DAG(s) dict_keys(['challenge_dag']) retrieved from /workspaces/hands-on-introduction-data-engineering-4395021/airflow/dags/challenge_dag.py
[2024-11-28T11:08:13.031+0000] {logging_mixin.py:150} INFO - [2024-11-28T11:08:13.031+0000] {dag.py:2742} INFO - Sync 1 DAGs
[2024-11-28T11:08:13.046+0000] {logging_mixin.py:150} INFO - [2024-11-28T11:08:13.046+0000] {dag.py:3504} INFO - Setting next_dagrun for challenge_dag to None, run_after=None
[2024-11-28T11:08:13.064+0000] {processor.py:179} INFO - Processing /workspaces/hands-on-introduction-data-engineering-4395021/airflow/dags/challenge_dag.py took 0.299 seconds
[2024-11-28T11:08:43.425+0000] {processor.py:157} INFO - Started process (PID=47284) to work on /workspaces/hands-on-introduction-data-engineering-4395021/airflow/dags/challenge_dag.py
[2024-11-28T11:08:43.425+0000] {processor.py:826} INFO - Processing file /workspaces/hands-on-introduction-data-engineering-4395021/airflow/dags/challenge_dag.py for tasks to queue
[2024-11-28T11:08:43.426+0000] {logging_mixin.py:150} INFO - [2024-11-28T11:08:43.426+0000] {dagbag.py:541} INFO - Filling up the DagBag from /workspaces/hands-on-introduction-data-engineering-4395021/airflow/dags/challenge_dag.py
[2024-11-28T11:08:43.676+0000] {processor.py:836} INFO - DAG(s) dict_keys(['challenge_dag']) retrieved from /workspaces/hands-on-introduction-data-engineering-4395021/airflow/dags/challenge_dag.py
[2024-11-28T11:08:43.692+0000] {logging_mixin.py:150} INFO - [2024-11-28T11:08:43.692+0000] {dag.py:2742} INFO - Sync 1 DAGs
[2024-11-28T11:08:43.705+0000] {logging_mixin.py:150} INFO - [2024-11-28T11:08:43.705+0000] {dag.py:3504} INFO - Setting next_dagrun for challenge_dag to None, run_after=None
[2024-11-28T11:08:43.718+0000] {processor.py:179} INFO - Processing /workspaces/hands-on-introduction-data-engineering-4395021/airflow/dags/challenge_dag.py took 0.296 seconds
[2024-11-28T11:09:13.904+0000] {processor.py:157} INFO - Started process (PID=47496) to work on /workspaces/hands-on-introduction-data-engineering-4395021/airflow/dags/challenge_dag.py
[2024-11-28T11:09:13.905+0000] {processor.py:826} INFO - Processing file /workspaces/hands-on-introduction-data-engineering-4395021/airflow/dags/challenge_dag.py for tasks to queue
[2024-11-28T11:09:13.906+0000] {logging_mixin.py:150} INFO - [2024-11-28T11:09:13.905+0000] {dagbag.py:541} INFO - Filling up the DagBag from /workspaces/hands-on-introduction-data-engineering-4395021/airflow/dags/challenge_dag.py
[2024-11-28T11:09:14.156+0000] {processor.py:836} INFO - DAG(s) dict_keys(['challenge_dag']) retrieved from /workspaces/hands-on-introduction-data-engineering-4395021/airflow/dags/challenge_dag.py
[2024-11-28T11:09:14.229+0000] {logging_mixin.py:150} INFO - [2024-11-28T11:09:14.229+0000] {dag.py:2742} INFO - Sync 1 DAGs
[2024-11-28T11:09:14.241+0000] {logging_mixin.py:150} INFO - [2024-11-28T11:09:14.241+0000] {dag.py:3504} INFO - Setting next_dagrun for challenge_dag to None, run_after=None
[2024-11-28T11:09:14.343+0000] {processor.py:179} INFO - Processing /workspaces/hands-on-introduction-data-engineering-4395021/airflow/dags/challenge_dag.py took 0.441 seconds
[2024-11-28T11:09:22.212+0000] {processor.py:157} INFO - Started process (PID=47558) to work on /workspaces/hands-on-introduction-data-engineering-4395021/airflow/dags/challenge_dag.py
[2024-11-28T11:09:22.213+0000] {processor.py:826} INFO - Processing file /workspaces/hands-on-introduction-data-engineering-4395021/airflow/dags/challenge_dag.py for tasks to queue
[2024-11-28T11:09:22.214+0000] {logging_mixin.py:150} INFO - [2024-11-28T11:09:22.214+0000] {dagbag.py:541} INFO - Filling up the DagBag from /workspaces/hands-on-introduction-data-engineering-4395021/airflow/dags/challenge_dag.py
[2024-11-28T11:09:22.492+0000] {processor.py:836} INFO - DAG(s) dict_keys(['challenge_dag']) retrieved from /workspaces/hands-on-introduction-data-engineering-4395021/airflow/dags/challenge_dag.py
[2024-11-28T11:09:22.498+0000] {logging_mixin.py:150} INFO - [2024-11-28T11:09:22.497+0000] {dag.py:2742} INFO - Sync 1 DAGs
[2024-11-28T11:09:22.511+0000] {logging_mixin.py:150} INFO - [2024-11-28T11:09:22.511+0000] {dag.py:3504} INFO - Setting next_dagrun for challenge_dag to None, run_after=None
[2024-11-28T11:09:22.526+0000] {processor.py:179} INFO - Processing /workspaces/hands-on-introduction-data-engineering-4395021/airflow/dags/challenge_dag.py took 0.317 seconds
[2024-11-28T11:09:53.591+0000] {processor.py:157} INFO - Started process (PID=47773) to work on /workspaces/hands-on-introduction-data-engineering-4395021/airflow/dags/challenge_dag.py
[2024-11-28T11:09:53.591+0000] {processor.py:826} INFO - Processing file /workspaces/hands-on-introduction-data-engineering-4395021/airflow/dags/challenge_dag.py for tasks to queue
[2024-11-28T11:09:53.592+0000] {logging_mixin.py:150} INFO - [2024-11-28T11:09:53.592+0000] {dagbag.py:541} INFO - Filling up the DagBag from /workspaces/hands-on-introduction-data-engineering-4395021/airflow/dags/challenge_dag.py
[2024-11-28T11:09:53.833+0000] {processor.py:836} INFO - DAG(s) dict_keys(['challenge_dag']) retrieved from /workspaces/hands-on-introduction-data-engineering-4395021/airflow/dags/challenge_dag.py
[2024-11-28T11:09:53.908+0000] {logging_mixin.py:150} INFO - [2024-11-28T11:09:53.908+0000] {dag.py:2742} INFO - Sync 1 DAGs
[2024-11-28T11:09:54.007+0000] {logging_mixin.py:150} INFO - [2024-11-28T11:09:54.007+0000] {dag.py:3504} INFO - Setting next_dagrun for challenge_dag to None, run_after=None
[2024-11-28T11:09:54.021+0000] {processor.py:179} INFO - Processing /workspaces/hands-on-introduction-data-engineering-4395021/airflow/dags/challenge_dag.py took 0.432 seconds
[2024-11-28T11:10:24.418+0000] {processor.py:157} INFO - Started process (PID=47964) to work on /workspaces/hands-on-introduction-data-engineering-4395021/airflow/dags/challenge_dag.py
[2024-11-28T11:10:24.419+0000] {processor.py:826} INFO - Processing file /workspaces/hands-on-introduction-data-engineering-4395021/airflow/dags/challenge_dag.py for tasks to queue
[2024-11-28T11:10:24.419+0000] {logging_mixin.py:150} INFO - [2024-11-28T11:10:24.419+0000] {dagbag.py:541} INFO - Filling up the DagBag from /workspaces/hands-on-introduction-data-engineering-4395021/airflow/dags/challenge_dag.py
[2024-11-28T11:10:24.671+0000] {processor.py:836} INFO - DAG(s) dict_keys(['challenge_dag']) retrieved from /workspaces/hands-on-introduction-data-engineering-4395021/airflow/dags/challenge_dag.py
[2024-11-28T11:10:24.686+0000] {logging_mixin.py:150} INFO - [2024-11-28T11:10:24.686+0000] {dag.py:2742} INFO - Sync 1 DAGs
[2024-11-28T11:10:24.700+0000] {logging_mixin.py:150} INFO - [2024-11-28T11:10:24.700+0000] {dag.py:3504} INFO - Setting next_dagrun for challenge_dag to None, run_after=None
[2024-11-28T11:10:24.714+0000] {processor.py:179} INFO - Processing /workspaces/hands-on-introduction-data-engineering-4395021/airflow/dags/challenge_dag.py took 0.298 seconds
[2024-11-28T11:10:53.347+0000] {processor.py:157} INFO - Started process (PID=48158) to work on /workspaces/hands-on-introduction-data-engineering-4395021/airflow/dags/challenge_dag.py
[2024-11-28T11:10:53.347+0000] {processor.py:826} INFO - Processing file /workspaces/hands-on-introduction-data-engineering-4395021/airflow/dags/challenge_dag.py for tasks to queue
[2024-11-28T11:10:53.348+0000] {logging_mixin.py:150} INFO - [2024-11-28T11:10:53.348+0000] {dagbag.py:541} INFO - Filling up the DagBag from /workspaces/hands-on-introduction-data-engineering-4395021/airflow/dags/challenge_dag.py
[2024-11-28T11:10:53.635+0000] {processor.py:836} INFO - DAG(s) dict_keys(['challenge_dag']) retrieved from /workspaces/hands-on-introduction-data-engineering-4395021/airflow/dags/challenge_dag.py
[2024-11-28T11:10:53.713+0000] {logging_mixin.py:150} INFO - [2024-11-28T11:10:53.713+0000] {dag.py:2742} INFO - Sync 1 DAGs
[2024-11-28T11:10:53.831+0000] {logging_mixin.py:150} INFO - [2024-11-28T11:10:53.831+0000] {dag.py:3504} INFO - Setting next_dagrun for challenge_dag to None, run_after=None
[2024-11-28T11:10:53.847+0000] {processor.py:179} INFO - Processing /workspaces/hands-on-introduction-data-engineering-4395021/airflow/dags/challenge_dag.py took 0.503 seconds
[2024-11-28T11:10:57.352+0000] {processor.py:157} INFO - Started process (PID=48182) to work on /workspaces/hands-on-introduction-data-engineering-4395021/airflow/dags/challenge_dag.py
[2024-11-28T11:10:57.353+0000] {processor.py:826} INFO - Processing file /workspaces/hands-on-introduction-data-engineering-4395021/airflow/dags/challenge_dag.py for tasks to queue
[2024-11-28T11:10:57.353+0000] {logging_mixin.py:150} INFO - [2024-11-28T11:10:57.353+0000] {dagbag.py:541} INFO - Filling up the DagBag from /workspaces/hands-on-introduction-data-engineering-4395021/airflow/dags/challenge_dag.py
[2024-11-28T11:10:57.726+0000] {processor.py:836} INFO - DAG(s) dict_keys(['challenge_dag']) retrieved from /workspaces/hands-on-introduction-data-engineering-4395021/airflow/dags/challenge_dag.py
[2024-11-28T11:10:57.735+0000] {logging_mixin.py:150} INFO - [2024-11-28T11:10:57.734+0000] {dag.py:2742} INFO - Sync 1 DAGs
[2024-11-28T11:10:57.778+0000] {logging_mixin.py:150} INFO - [2024-11-28T11:10:57.778+0000] {dag.py:3504} INFO - Setting next_dagrun for challenge_dag to None, run_after=None
[2024-11-28T11:10:57.810+0000] {processor.py:179} INFO - Processing /workspaces/hands-on-introduction-data-engineering-4395021/airflow/dags/challenge_dag.py took 0.459 seconds
[2024-11-28T11:11:00.948+0000] {processor.py:157} INFO - Started process (PID=48212) to work on /workspaces/hands-on-introduction-data-engineering-4395021/airflow/dags/challenge_dag.py
[2024-11-28T11:11:00.948+0000] {processor.py:826} INFO - Processing file /workspaces/hands-on-introduction-data-engineering-4395021/airflow/dags/challenge_dag.py for tasks to queue
[2024-11-28T11:11:00.949+0000] {logging_mixin.py:150} INFO - [2024-11-28T11:11:00.949+0000] {dagbag.py:541} INFO - Filling up the DagBag from /workspaces/hands-on-introduction-data-engineering-4395021/airflow/dags/challenge_dag.py
[2024-11-28T11:11:01.215+0000] {processor.py:836} INFO - DAG(s) dict_keys(['challenge_dag']) retrieved from /workspaces/hands-on-introduction-data-engineering-4395021/airflow/dags/challenge_dag.py
[2024-11-28T11:11:01.220+0000] {logging_mixin.py:150} INFO - [2024-11-28T11:11:01.220+0000] {dag.py:2742} INFO - Sync 1 DAGs
[2024-11-28T11:11:01.235+0000] {logging_mixin.py:150} INFO - [2024-11-28T11:11:01.235+0000] {dag.py:3504} INFO - Setting next_dagrun for challenge_dag to None, run_after=None
[2024-11-28T11:11:01.249+0000] {processor.py:179} INFO - Processing /workspaces/hands-on-introduction-data-engineering-4395021/airflow/dags/challenge_dag.py took 0.304 seconds
[2024-11-28T11:11:03.428+0000] {processor.py:157} INFO - Started process (PID=48228) to work on /workspaces/hands-on-introduction-data-engineering-4395021/airflow/dags/challenge_dag.py
[2024-11-28T11:11:03.428+0000] {processor.py:826} INFO - Processing file /workspaces/hands-on-introduction-data-engineering-4395021/airflow/dags/challenge_dag.py for tasks to queue
[2024-11-28T11:11:03.429+0000] {logging_mixin.py:150} INFO - [2024-11-28T11:11:03.429+0000] {dagbag.py:541} INFO - Filling up the DagBag from /workspaces/hands-on-introduction-data-engineering-4395021/airflow/dags/challenge_dag.py
[2024-11-28T11:11:03.734+0000] {processor.py:836} INFO - DAG(s) dict_keys(['challenge_dag']) retrieved from /workspaces/hands-on-introduction-data-engineering-4395021/airflow/dags/challenge_dag.py
[2024-11-28T11:11:03.740+0000] {logging_mixin.py:150} INFO - [2024-11-28T11:11:03.740+0000] {dag.py:2742} INFO - Sync 1 DAGs
[2024-11-28T11:11:03.755+0000] {logging_mixin.py:150} INFO - [2024-11-28T11:11:03.755+0000] {dag.py:3504} INFO - Setting next_dagrun for challenge_dag to None, run_after=None
[2024-11-28T11:11:03.770+0000] {processor.py:179} INFO - Processing /workspaces/hands-on-introduction-data-engineering-4395021/airflow/dags/challenge_dag.py took 0.345 seconds
[2024-11-28T11:11:04.878+0000] {processor.py:157} INFO - Started process (PID=48242) to work on /workspaces/hands-on-introduction-data-engineering-4395021/airflow/dags/challenge_dag.py
[2024-11-28T11:11:04.879+0000] {processor.py:826} INFO - Processing file /workspaces/hands-on-introduction-data-engineering-4395021/airflow/dags/challenge_dag.py for tasks to queue
[2024-11-28T11:11:04.880+0000] {logging_mixin.py:150} INFO - [2024-11-28T11:11:04.879+0000] {dagbag.py:541} INFO - Filling up the DagBag from /workspaces/hands-on-introduction-data-engineering-4395021/airflow/dags/challenge_dag.py
[2024-11-28T11:11:05.159+0000] {processor.py:836} INFO - DAG(s) dict_keys(['challenge_dag']) retrieved from /workspaces/hands-on-introduction-data-engineering-4395021/airflow/dags/challenge_dag.py
[2024-11-28T11:11:05.164+0000] {logging_mixin.py:150} INFO - [2024-11-28T11:11:05.164+0000] {dag.py:2742} INFO - Sync 1 DAGs
[2024-11-28T11:11:05.181+0000] {logging_mixin.py:150} INFO - [2024-11-28T11:11:05.181+0000] {dag.py:3504} INFO - Setting next_dagrun for challenge_dag to None, run_after=None
[2024-11-28T11:11:05.201+0000] {processor.py:179} INFO - Processing /workspaces/hands-on-introduction-data-engineering-4395021/airflow/dags/challenge_dag.py took 0.325 seconds
[2024-11-28T11:11:07.806+0000] {processor.py:157} INFO - Started process (PID=48266) to work on /workspaces/hands-on-introduction-data-engineering-4395021/airflow/dags/challenge_dag.py
[2024-11-28T11:11:07.807+0000] {processor.py:826} INFO - Processing file /workspaces/hands-on-introduction-data-engineering-4395021/airflow/dags/challenge_dag.py for tasks to queue
[2024-11-28T11:11:07.807+0000] {logging_mixin.py:150} INFO - [2024-11-28T11:11:07.807+0000] {dagbag.py:541} INFO - Filling up the DagBag from /workspaces/hands-on-introduction-data-engineering-4395021/airflow/dags/challenge_dag.py
[2024-11-28T11:11:08.124+0000] {processor.py:836} INFO - DAG(s) dict_keys(['challenge_dag']) retrieved from /workspaces/hands-on-introduction-data-engineering-4395021/airflow/dags/challenge_dag.py
[2024-11-28T11:11:08.130+0000] {logging_mixin.py:150} INFO - [2024-11-28T11:11:08.129+0000] {dag.py:2742} INFO - Sync 1 DAGs
[2024-11-28T11:11:08.144+0000] {logging_mixin.py:150} INFO - [2024-11-28T11:11:08.144+0000] {dag.py:3504} INFO - Setting next_dagrun for challenge_dag to None, run_after=None
[2024-11-28T11:11:08.160+0000] {processor.py:179} INFO - Processing /workspaces/hands-on-introduction-data-engineering-4395021/airflow/dags/challenge_dag.py took 0.356 seconds
[2024-11-28T11:11:10.382+0000] {processor.py:157} INFO - Started process (PID=48291) to work on /workspaces/hands-on-introduction-data-engineering-4395021/airflow/dags/challenge_dag.py
[2024-11-28T11:11:10.383+0000] {processor.py:826} INFO - Processing file /workspaces/hands-on-introduction-data-engineering-4395021/airflow/dags/challenge_dag.py for tasks to queue
[2024-11-28T11:11:10.384+0000] {logging_mixin.py:150} INFO - [2024-11-28T11:11:10.383+0000] {dagbag.py:541} INFO - Filling up the DagBag from /workspaces/hands-on-introduction-data-engineering-4395021/airflow/dags/challenge_dag.py
[2024-11-28T11:11:10.636+0000] {processor.py:836} INFO - DAG(s) dict_keys(['challenge_dag']) retrieved from /workspaces/hands-on-introduction-data-engineering-4395021/airflow/dags/challenge_dag.py
[2024-11-28T11:11:10.642+0000] {logging_mixin.py:150} INFO - [2024-11-28T11:11:10.642+0000] {dag.py:2742} INFO - Sync 1 DAGs
[2024-11-28T11:11:10.656+0000] {logging_mixin.py:150} INFO - [2024-11-28T11:11:10.656+0000] {dag.py:3504} INFO - Setting next_dagrun for challenge_dag to None, run_after=None
[2024-11-28T11:11:10.671+0000] {processor.py:179} INFO - Processing /workspaces/hands-on-introduction-data-engineering-4395021/airflow/dags/challenge_dag.py took 0.291 seconds
[2024-11-28T11:11:11.716+0000] {processor.py:157} INFO - Started process (PID=48299) to work on /workspaces/hands-on-introduction-data-engineering-4395021/airflow/dags/challenge_dag.py
[2024-11-28T11:11:11.717+0000] {processor.py:826} INFO - Processing file /workspaces/hands-on-introduction-data-engineering-4395021/airflow/dags/challenge_dag.py for tasks to queue
[2024-11-28T11:11:11.718+0000] {logging_mixin.py:150} INFO - [2024-11-28T11:11:11.717+0000] {dagbag.py:541} INFO - Filling up the DagBag from /workspaces/hands-on-introduction-data-engineering-4395021/airflow/dags/challenge_dag.py
[2024-11-28T11:11:11.986+0000] {processor.py:836} INFO - DAG(s) dict_keys(['challenge_dag']) retrieved from /workspaces/hands-on-introduction-data-engineering-4395021/airflow/dags/challenge_dag.py
[2024-11-28T11:11:11.994+0000] {logging_mixin.py:150} INFO - [2024-11-28T11:11:11.993+0000] {dag.py:2742} INFO - Sync 1 DAGs
[2024-11-28T11:11:12.008+0000] {logging_mixin.py:150} INFO - [2024-11-28T11:11:12.008+0000] {dag.py:3504} INFO - Setting next_dagrun for challenge_dag to None, run_after=None
[2024-11-28T11:11:12.024+0000] {processor.py:179} INFO - Processing /workspaces/hands-on-introduction-data-engineering-4395021/airflow/dags/challenge_dag.py took 0.310 seconds
[2024-11-28T11:11:15.257+0000] {processor.py:157} INFO - Started process (PID=48325) to work on /workspaces/hands-on-introduction-data-engineering-4395021/airflow/dags/challenge_dag.py
[2024-11-28T11:11:15.258+0000] {processor.py:826} INFO - Processing file /workspaces/hands-on-introduction-data-engineering-4395021/airflow/dags/challenge_dag.py for tasks to queue
[2024-11-28T11:11:15.259+0000] {logging_mixin.py:150} INFO - [2024-11-28T11:11:15.259+0000] {dagbag.py:541} INFO - Filling up the DagBag from /workspaces/hands-on-introduction-data-engineering-4395021/airflow/dags/challenge_dag.py
[2024-11-28T11:11:15.532+0000] {processor.py:836} INFO - DAG(s) dict_keys(['challenge_dag']) retrieved from /workspaces/hands-on-introduction-data-engineering-4395021/airflow/dags/challenge_dag.py
[2024-11-28T11:11:15.537+0000] {logging_mixin.py:150} INFO - [2024-11-28T11:11:15.537+0000] {dag.py:2742} INFO - Sync 1 DAGs
[2024-11-28T11:11:15.552+0000] {logging_mixin.py:150} INFO - [2024-11-28T11:11:15.552+0000] {dag.py:3504} INFO - Setting next_dagrun for challenge_dag to None, run_after=None
[2024-11-28T11:11:15.566+0000] {processor.py:179} INFO - Processing /workspaces/hands-on-introduction-data-engineering-4395021/airflow/dags/challenge_dag.py took 0.312 seconds
[2024-11-28T11:11:46.443+0000] {processor.py:157} INFO - Started process (PID=48519) to work on /workspaces/hands-on-introduction-data-engineering-4395021/airflow/dags/challenge_dag.py
[2024-11-28T11:11:46.444+0000] {processor.py:826} INFO - Processing file /workspaces/hands-on-introduction-data-engineering-4395021/airflow/dags/challenge_dag.py for tasks to queue
[2024-11-28T11:11:46.444+0000] {logging_mixin.py:150} INFO - [2024-11-28T11:11:46.444+0000] {dagbag.py:541} INFO - Filling up the DagBag from /workspaces/hands-on-introduction-data-engineering-4395021/airflow/dags/challenge_dag.py
[2024-11-28T11:11:46.689+0000] {processor.py:836} INFO - DAG(s) dict_keys(['challenge_dag']) retrieved from /workspaces/hands-on-introduction-data-engineering-4395021/airflow/dags/challenge_dag.py
[2024-11-28T11:11:46.876+0000] {logging_mixin.py:150} INFO - [2024-11-28T11:11:46.876+0000] {dag.py:2742} INFO - Sync 1 DAGs
[2024-11-28T11:11:46.888+0000] {logging_mixin.py:150} INFO - [2024-11-28T11:11:46.888+0000] {dag.py:3504} INFO - Setting next_dagrun for challenge_dag to None, run_after=None
[2024-11-28T11:11:46.904+0000] {processor.py:179} INFO - Processing /workspaces/hands-on-introduction-data-engineering-4395021/airflow/dags/challenge_dag.py took 0.463 seconds
[2024-11-28T11:11:52.377+0000] {processor.py:157} INFO - Started process (PID=48566) to work on /workspaces/hands-on-introduction-data-engineering-4395021/airflow/dags/challenge_dag.py
[2024-11-28T11:11:52.377+0000] {processor.py:826} INFO - Processing file /workspaces/hands-on-introduction-data-engineering-4395021/airflow/dags/challenge_dag.py for tasks to queue
[2024-11-28T11:11:52.378+0000] {logging_mixin.py:150} INFO - [2024-11-28T11:11:52.378+0000] {dagbag.py:541} INFO - Filling up the DagBag from /workspaces/hands-on-introduction-data-engineering-4395021/airflow/dags/challenge_dag.py
[2024-11-28T11:11:52.670+0000] {processor.py:836} INFO - DAG(s) dict_keys(['challenge_dag']) retrieved from /workspaces/hands-on-introduction-data-engineering-4395021/airflow/dags/challenge_dag.py
[2024-11-28T11:11:52.675+0000] {logging_mixin.py:150} INFO - [2024-11-28T11:11:52.675+0000] {dag.py:2742} INFO - Sync 1 DAGs
[2024-11-28T11:11:52.689+0000] {logging_mixin.py:150} INFO - [2024-11-28T11:11:52.689+0000] {dag.py:3504} INFO - Setting next_dagrun for challenge_dag to None, run_after=None
[2024-11-28T11:11:52.704+0000] {processor.py:179} INFO - Processing /workspaces/hands-on-introduction-data-engineering-4395021/airflow/dags/challenge_dag.py took 0.330 seconds
[2024-11-28T11:12:24.939+0000] {processor.py:157} INFO - Started process (PID=48829) to work on /workspaces/hands-on-introduction-data-engineering-4395021/airflow/dags/challenge_dag.py
[2024-11-28T11:12:24.940+0000] {processor.py:826} INFO - Processing file /workspaces/hands-on-introduction-data-engineering-4395021/airflow/dags/challenge_dag.py for tasks to queue
[2024-11-28T11:12:24.941+0000] {logging_mixin.py:150} INFO - [2024-11-28T11:12:24.940+0000] {dagbag.py:541} INFO - Filling up the DagBag from /workspaces/hands-on-introduction-data-engineering-4395021/airflow/dags/challenge_dag.py
[2024-11-28T11:12:25.184+0000] {processor.py:836} INFO - DAG(s) dict_keys(['challenge_dag']) retrieved from /workspaces/hands-on-introduction-data-engineering-4395021/airflow/dags/challenge_dag.py
[2024-11-28T11:12:25.360+0000] {logging_mixin.py:150} INFO - [2024-11-28T11:12:25.360+0000] {dag.py:2742} INFO - Sync 1 DAGs
[2024-11-28T11:12:25.377+0000] {logging_mixin.py:150} INFO - [2024-11-28T11:12:25.377+0000] {dag.py:3504} INFO - Setting next_dagrun for challenge_dag to None, run_after=None
[2024-11-28T11:12:25.395+0000] {processor.py:179} INFO - Processing /workspaces/hands-on-introduction-data-engineering-4395021/airflow/dags/challenge_dag.py took 0.458 seconds
[2024-11-28T11:12:55.614+0000] {processor.py:157} INFO - Started process (PID=49018) to work on /workspaces/hands-on-introduction-data-engineering-4395021/airflow/dags/challenge_dag.py
[2024-11-28T11:12:55.615+0000] {processor.py:826} INFO - Processing file /workspaces/hands-on-introduction-data-engineering-4395021/airflow/dags/challenge_dag.py for tasks to queue
[2024-11-28T11:12:55.616+0000] {logging_mixin.py:150} INFO - [2024-11-28T11:12:55.615+0000] {dagbag.py:541} INFO - Filling up the DagBag from /workspaces/hands-on-introduction-data-engineering-4395021/airflow/dags/challenge_dag.py
[2024-11-28T11:12:55.909+0000] {processor.py:836} INFO - DAG(s) dict_keys(['challenge_dag']) retrieved from /workspaces/hands-on-introduction-data-engineering-4395021/airflow/dags/challenge_dag.py
[2024-11-28T11:12:56.076+0000] {logging_mixin.py:150} INFO - [2024-11-28T11:12:56.076+0000] {dag.py:2742} INFO - Sync 1 DAGs
[2024-11-28T11:12:56.083+0000] {logging_mixin.py:150} INFO - [2024-11-28T11:12:56.083+0000] {dag.py:2763} INFO - Creating ORM DAG for challenge_dag
[2024-11-28T11:12:56.089+0000] {logging_mixin.py:150} INFO - [2024-11-28T11:12:56.089+0000] {dag.py:3504} INFO - Setting next_dagrun for challenge_dag to None, run_after=None
[2024-11-28T11:12:56.102+0000] {processor.py:179} INFO - Processing /workspaces/hands-on-introduction-data-engineering-4395021/airflow/dags/challenge_dag.py took 0.490 seconds
[2024-11-28T11:13:26.235+0000] {processor.py:157} INFO - Started process (PID=49296) to work on /workspaces/hands-on-introduction-data-engineering-4395021/airflow/dags/challenge_dag.py
[2024-11-28T11:13:26.236+0000] {processor.py:826} INFO - Processing file /workspaces/hands-on-introduction-data-engineering-4395021/airflow/dags/challenge_dag.py for tasks to queue
[2024-11-28T11:13:26.236+0000] {logging_mixin.py:150} INFO - [2024-11-28T11:13:26.236+0000] {dagbag.py:541} INFO - Filling up the DagBag from /workspaces/hands-on-introduction-data-engineering-4395021/airflow/dags/challenge_dag.py
[2024-11-28T11:13:26.482+0000] {processor.py:836} INFO - DAG(s) dict_keys(['challenge_dag']) retrieved from /workspaces/hands-on-introduction-data-engineering-4395021/airflow/dags/challenge_dag.py
[2024-11-28T11:13:26.497+0000] {logging_mixin.py:150} INFO - [2024-11-28T11:13:26.497+0000] {dag.py:2742} INFO - Sync 1 DAGs
[2024-11-28T11:13:26.512+0000] {logging_mixin.py:150} INFO - [2024-11-28T11:13:26.512+0000] {dag.py:3504} INFO - Setting next_dagrun for challenge_dag to None, run_after=None
[2024-11-28T11:13:26.610+0000] {processor.py:179} INFO - Processing /workspaces/hands-on-introduction-data-engineering-4395021/airflow/dags/challenge_dag.py took 0.377 seconds
[2024-11-28T11:13:56.827+0000] {processor.py:157} INFO - Started process (PID=49518) to work on /workspaces/hands-on-introduction-data-engineering-4395021/airflow/dags/challenge_dag.py
[2024-11-28T11:13:56.828+0000] {processor.py:826} INFO - Processing file /workspaces/hands-on-introduction-data-engineering-4395021/airflow/dags/challenge_dag.py for tasks to queue
[2024-11-28T11:13:56.828+0000] {logging_mixin.py:150} INFO - [2024-11-28T11:13:56.828+0000] {dagbag.py:541} INFO - Filling up the DagBag from /workspaces/hands-on-introduction-data-engineering-4395021/airflow/dags/challenge_dag.py
[2024-11-28T11:13:57.070+0000] {processor.py:836} INFO - DAG(s) dict_keys(['challenge_dag']) retrieved from /workspaces/hands-on-introduction-data-engineering-4395021/airflow/dags/challenge_dag.py
[2024-11-28T11:13:57.090+0000] {logging_mixin.py:150} INFO - [2024-11-28T11:13:57.090+0000] {dag.py:2742} INFO - Sync 1 DAGs
[2024-11-28T11:13:57.202+0000] {logging_mixin.py:150} INFO - [2024-11-28T11:13:57.202+0000] {dag.py:3504} INFO - Setting next_dagrun for challenge_dag to None, run_after=None
[2024-11-28T11:13:57.215+0000] {processor.py:179} INFO - Processing /workspaces/hands-on-introduction-data-engineering-4395021/airflow/dags/challenge_dag.py took 0.391 seconds
[2024-11-28T11:14:28.004+0000] {processor.py:157} INFO - Started process (PID=49721) to work on /workspaces/hands-on-introduction-data-engineering-4395021/airflow/dags/challenge_dag.py
[2024-11-28T11:14:28.004+0000] {processor.py:826} INFO - Processing file /workspaces/hands-on-introduction-data-engineering-4395021/airflow/dags/challenge_dag.py for tasks to queue
[2024-11-28T11:14:28.005+0000] {logging_mixin.py:150} INFO - [2024-11-28T11:14:28.004+0000] {dagbag.py:541} INFO - Filling up the DagBag from /workspaces/hands-on-introduction-data-engineering-4395021/airflow/dags/challenge_dag.py
[2024-11-28T11:14:28.252+0000] {processor.py:836} INFO - DAG(s) dict_keys(['challenge_dag']) retrieved from /workspaces/hands-on-introduction-data-engineering-4395021/airflow/dags/challenge_dag.py
[2024-11-28T11:14:28.269+0000] {logging_mixin.py:150} INFO - [2024-11-28T11:14:28.268+0000] {dag.py:2742} INFO - Sync 1 DAGs
[2024-11-28T11:14:28.382+0000] {logging_mixin.py:150} INFO - [2024-11-28T11:14:28.382+0000] {dag.py:3504} INFO - Setting next_dagrun for challenge_dag to None, run_after=None
[2024-11-28T11:14:28.395+0000] {processor.py:179} INFO - Processing /workspaces/hands-on-introduction-data-engineering-4395021/airflow/dags/challenge_dag.py took 0.394 seconds
[2024-11-28T11:14:58.602+0000] {processor.py:157} INFO - Started process (PID=49911) to work on /workspaces/hands-on-introduction-data-engineering-4395021/airflow/dags/challenge_dag.py
[2024-11-28T11:14:58.603+0000] {processor.py:826} INFO - Processing file /workspaces/hands-on-introduction-data-engineering-4395021/airflow/dags/challenge_dag.py for tasks to queue
[2024-11-28T11:14:58.603+0000] {logging_mixin.py:150} INFO - [2024-11-28T11:14:58.603+0000] {dagbag.py:541} INFO - Filling up the DagBag from /workspaces/hands-on-introduction-data-engineering-4395021/airflow/dags/challenge_dag.py
[2024-11-28T11:14:58.844+0000] {processor.py:836} INFO - DAG(s) dict_keys(['challenge_dag']) retrieved from /workspaces/hands-on-introduction-data-engineering-4395021/airflow/dags/challenge_dag.py
[2024-11-28T11:14:58.859+0000] {logging_mixin.py:150} INFO - [2024-11-28T11:14:58.859+0000] {dag.py:2742} INFO - Sync 1 DAGs
[2024-11-28T11:14:58.969+0000] {logging_mixin.py:150} INFO - [2024-11-28T11:14:58.969+0000] {dag.py:3504} INFO - Setting next_dagrun for challenge_dag to None, run_after=None
[2024-11-28T11:14:58.982+0000] {processor.py:179} INFO - Processing /workspaces/hands-on-introduction-data-engineering-4395021/airflow/dags/challenge_dag.py took 0.382 seconds
[2024-11-28T11:15:29.210+0000] {processor.py:157} INFO - Started process (PID=50097) to work on /workspaces/hands-on-introduction-data-engineering-4395021/airflow/dags/challenge_dag.py
[2024-11-28T11:15:29.211+0000] {processor.py:826} INFO - Processing file /workspaces/hands-on-introduction-data-engineering-4395021/airflow/dags/challenge_dag.py for tasks to queue
[2024-11-28T11:15:29.211+0000] {logging_mixin.py:150} INFO - [2024-11-28T11:15:29.211+0000] {dagbag.py:541} INFO - Filling up the DagBag from /workspaces/hands-on-introduction-data-engineering-4395021/airflow/dags/challenge_dag.py
[2024-11-28T11:15:29.459+0000] {processor.py:836} INFO - DAG(s) dict_keys(['challenge_dag']) retrieved from /workspaces/hands-on-introduction-data-engineering-4395021/airflow/dags/challenge_dag.py
[2024-11-28T11:15:29.474+0000] {logging_mixin.py:150} INFO - [2024-11-28T11:15:29.474+0000] {dag.py:2742} INFO - Sync 1 DAGs
[2024-11-28T11:15:29.589+0000] {logging_mixin.py:150} INFO - [2024-11-28T11:15:29.588+0000] {dag.py:3504} INFO - Setting next_dagrun for challenge_dag to None, run_after=None
[2024-11-28T11:15:29.602+0000] {processor.py:179} INFO - Processing /workspaces/hands-on-introduction-data-engineering-4395021/airflow/dags/challenge_dag.py took 0.394 seconds
[2024-11-28T11:15:59.814+0000] {processor.py:157} INFO - Started process (PID=50286) to work on /workspaces/hands-on-introduction-data-engineering-4395021/airflow/dags/challenge_dag.py
[2024-11-28T11:15:59.815+0000] {processor.py:826} INFO - Processing file /workspaces/hands-on-introduction-data-engineering-4395021/airflow/dags/challenge_dag.py for tasks to queue
[2024-11-28T11:15:59.815+0000] {logging_mixin.py:150} INFO - [2024-11-28T11:15:59.815+0000] {dagbag.py:541} INFO - Filling up the DagBag from /workspaces/hands-on-introduction-data-engineering-4395021/airflow/dags/challenge_dag.py
[2024-11-28T11:16:00.134+0000] {processor.py:836} INFO - DAG(s) dict_keys(['challenge_dag']) retrieved from /workspaces/hands-on-introduction-data-engineering-4395021/airflow/dags/challenge_dag.py
[2024-11-28T11:16:00.155+0000] {logging_mixin.py:150} INFO - [2024-11-28T11:16:00.155+0000] {dag.py:2742} INFO - Sync 1 DAGs
[2024-11-28T11:16:00.271+0000] {logging_mixin.py:150} INFO - [2024-11-28T11:16:00.270+0000] {dag.py:3504} INFO - Setting next_dagrun for challenge_dag to None, run_after=None
[2024-11-28T11:16:00.284+0000] {processor.py:179} INFO - Processing /workspaces/hands-on-introduction-data-engineering-4395021/airflow/dags/challenge_dag.py took 0.472 seconds
[2024-11-28T11:16:30.505+0000] {processor.py:157} INFO - Started process (PID=51034) to work on /workspaces/hands-on-introduction-data-engineering-4395021/airflow/dags/challenge_dag.py
[2024-11-28T11:16:30.506+0000] {processor.py:826} INFO - Processing file /workspaces/hands-on-introduction-data-engineering-4395021/airflow/dags/challenge_dag.py for tasks to queue
[2024-11-28T11:16:30.506+0000] {logging_mixin.py:150} INFO - [2024-11-28T11:16:30.506+0000] {dagbag.py:541} INFO - Filling up the DagBag from /workspaces/hands-on-introduction-data-engineering-4395021/airflow/dags/challenge_dag.py
[2024-11-28T11:16:30.786+0000] {processor.py:836} INFO - DAG(s) dict_keys(['challenge_dag']) retrieved from /workspaces/hands-on-introduction-data-engineering-4395021/airflow/dags/challenge_dag.py
[2024-11-28T11:16:30.804+0000] {logging_mixin.py:150} INFO - [2024-11-28T11:16:30.804+0000] {dag.py:2742} INFO - Sync 1 DAGs
[2024-11-28T11:16:30.903+0000] {logging_mixin.py:150} INFO - [2024-11-28T11:16:30.903+0000] {dag.py:3504} INFO - Setting next_dagrun for challenge_dag to None, run_after=None
[2024-11-28T11:16:30.916+0000] {processor.py:179} INFO - Processing /workspaces/hands-on-introduction-data-engineering-4395021/airflow/dags/challenge_dag.py took 0.414 seconds
[2024-11-28T11:17:01.227+0000] {processor.py:157} INFO - Started process (PID=51358) to work on /workspaces/hands-on-introduction-data-engineering-4395021/airflow/dags/challenge_dag.py
[2024-11-28T11:17:01.228+0000] {processor.py:826} INFO - Processing file /workspaces/hands-on-introduction-data-engineering-4395021/airflow/dags/challenge_dag.py for tasks to queue
[2024-11-28T11:17:01.229+0000] {logging_mixin.py:150} INFO - [2024-11-28T11:17:01.228+0000] {dagbag.py:541} INFO - Filling up the DagBag from /workspaces/hands-on-introduction-data-engineering-4395021/airflow/dags/challenge_dag.py
[2024-11-28T11:17:01.473+0000] {processor.py:836} INFO - DAG(s) dict_keys(['challenge_dag']) retrieved from /workspaces/hands-on-introduction-data-engineering-4395021/airflow/dags/challenge_dag.py
[2024-11-28T11:17:01.488+0000] {logging_mixin.py:150} INFO - [2024-11-28T11:17:01.487+0000] {dag.py:2742} INFO - Sync 1 DAGs
[2024-11-28T11:17:01.586+0000] {logging_mixin.py:150} INFO - [2024-11-28T11:17:01.586+0000] {dag.py:3504} INFO - Setting next_dagrun for challenge_dag to None, run_after=None
[2024-11-28T11:17:01.600+0000] {processor.py:179} INFO - Processing /workspaces/hands-on-introduction-data-engineering-4395021/airflow/dags/challenge_dag.py took 0.375 seconds
[2024-11-28T11:17:31.835+0000] {processor.py:157} INFO - Started process (PID=51738) to work on /workspaces/hands-on-introduction-data-engineering-4395021/airflow/dags/challenge_dag.py
[2024-11-28T11:17:31.835+0000] {processor.py:826} INFO - Processing file /workspaces/hands-on-introduction-data-engineering-4395021/airflow/dags/challenge_dag.py for tasks to queue
[2024-11-28T11:17:31.836+0000] {logging_mixin.py:150} INFO - [2024-11-28T11:17:31.836+0000] {dagbag.py:541} INFO - Filling up the DagBag from /workspaces/hands-on-introduction-data-engineering-4395021/airflow/dags/challenge_dag.py
[2024-11-28T11:17:32.215+0000] {processor.py:836} INFO - DAG(s) dict_keys(['challenge_dag']) retrieved from /workspaces/hands-on-introduction-data-engineering-4395021/airflow/dags/challenge_dag.py
[2024-11-28T11:17:32.228+0000] {logging_mixin.py:150} INFO - [2024-11-28T11:17:32.228+0000] {dag.py:2742} INFO - Sync 1 DAGs
[2024-11-28T11:17:32.241+0000] {logging_mixin.py:150} INFO - [2024-11-28T11:17:32.241+0000] {dag.py:3504} INFO - Setting next_dagrun for challenge_dag to None, run_after=None
[2024-11-28T11:17:32.254+0000] {processor.py:179} INFO - Processing /workspaces/hands-on-introduction-data-engineering-4395021/airflow/dags/challenge_dag.py took 0.422 seconds
[2024-11-28T11:18:02.513+0000] {processor.py:157} INFO - Started process (PID=52064) to work on /workspaces/hands-on-introduction-data-engineering-4395021/airflow/dags/challenge_dag.py
[2024-11-28T11:18:02.514+0000] {processor.py:826} INFO - Processing file /workspaces/hands-on-introduction-data-engineering-4395021/airflow/dags/challenge_dag.py for tasks to queue
[2024-11-28T11:18:02.515+0000] {logging_mixin.py:150} INFO - [2024-11-28T11:18:02.514+0000] {dagbag.py:541} INFO - Filling up the DagBag from /workspaces/hands-on-introduction-data-engineering-4395021/airflow/dags/challenge_dag.py
[2024-11-28T11:18:02.895+0000] {processor.py:836} INFO - DAG(s) dict_keys(['challenge_dag']) retrieved from /workspaces/hands-on-introduction-data-engineering-4395021/airflow/dags/challenge_dag.py
[2024-11-28T11:18:02.920+0000] {logging_mixin.py:150} INFO - [2024-11-28T11:18:02.920+0000] {dag.py:2742} INFO - Sync 1 DAGs
[2024-11-28T11:18:02.944+0000] {logging_mixin.py:150} INFO - [2024-11-28T11:18:02.944+0000] {dag.py:3504} INFO - Setting next_dagrun for challenge_dag to None, run_after=None
[2024-11-28T11:18:02.963+0000] {processor.py:179} INFO - Processing /workspaces/hands-on-introduction-data-engineering-4395021/airflow/dags/challenge_dag.py took 0.452 seconds
[2024-11-28T11:18:33.311+0000] {processor.py:157} INFO - Started process (PID=52416) to work on /workspaces/hands-on-introduction-data-engineering-4395021/airflow/dags/challenge_dag.py
[2024-11-28T11:18:33.316+0000] {processor.py:826} INFO - Processing file /workspaces/hands-on-introduction-data-engineering-4395021/airflow/dags/challenge_dag.py for tasks to queue
[2024-11-28T11:18:33.316+0000] {logging_mixin.py:150} INFO - [2024-11-28T11:18:33.316+0000] {dagbag.py:541} INFO - Filling up the DagBag from /workspaces/hands-on-introduction-data-engineering-4395021/airflow/dags/challenge_dag.py
[2024-11-28T11:18:34.078+0000] {processor.py:836} INFO - DAG(s) dict_keys(['challenge_dag']) retrieved from /workspaces/hands-on-introduction-data-engineering-4395021/airflow/dags/challenge_dag.py
[2024-11-28T11:18:34.104+0000] {logging_mixin.py:150} INFO - [2024-11-28T11:18:34.104+0000] {dag.py:2742} INFO - Sync 1 DAGs
[2024-11-28T11:18:34.145+0000] {logging_mixin.py:150} INFO - [2024-11-28T11:18:34.145+0000] {dag.py:3504} INFO - Setting next_dagrun for challenge_dag to None, run_after=None
[2024-11-28T11:18:34.183+0000] {processor.py:179} INFO - Processing /workspaces/hands-on-introduction-data-engineering-4395021/airflow/dags/challenge_dag.py took 0.881 seconds
