[2024-11-28T09:27:46.144+0000] {processor.py:157} INFO - Started process (PID=2257) to work on /home/vscode/.local/lib/python3.10/site-packages/airflow/example_dags/example_xcomargs.py
[2024-11-28T09:27:46.144+0000] {processor.py:826} INFO - Processing file /home/vscode/.local/lib/python3.10/site-packages/airflow/example_dags/example_xcomargs.py for tasks to queue
[2024-11-28T09:27:46.146+0000] {logging_mixin.py:150} INFO - [2024-11-28T09:27:46.146+0000] {dagbag.py:541} INFO - Filling up the DagBag from /home/vscode/.local/lib/python3.10/site-packages/airflow/example_dags/example_xcomargs.py
[2024-11-28T09:27:46.159+0000] {processor.py:836} INFO - DAG(s) dict_keys(['example_xcom_args', 'example_xcom_args_with_operators']) retrieved from /home/vscode/.local/lib/python3.10/site-packages/airflow/example_dags/example_xcomargs.py
[2024-11-28T09:27:46.340+0000] {logging_mixin.py:150} INFO - [2024-11-28T09:27:46.340+0000] {manager.py:504} INFO - Created Permission View: can read on DAG:example_xcom_args
[2024-11-28T09:27:46.348+0000] {logging_mixin.py:150} INFO - [2024-11-28T09:27:46.348+0000] {manager.py:504} INFO - Created Permission View: can edit on DAG:example_xcom_args
[2024-11-28T09:27:46.355+0000] {logging_mixin.py:150} INFO - [2024-11-28T09:27:46.355+0000] {manager.py:504} INFO - Created Permission View: can delete on DAG:example_xcom_args
[2024-11-28T09:27:46.375+0000] {logging_mixin.py:150} INFO - [2024-11-28T09:27:46.375+0000] {manager.py:504} INFO - Created Permission View: can read on DAG:example_xcom_args_with_operators
[2024-11-28T09:27:46.383+0000] {logging_mixin.py:150} INFO - [2024-11-28T09:27:46.383+0000] {manager.py:504} INFO - Created Permission View: can edit on DAG:example_xcom_args_with_operators
[2024-11-28T09:27:46.390+0000] {logging_mixin.py:150} INFO - [2024-11-28T09:27:46.389+0000] {manager.py:504} INFO - Created Permission View: can delete on DAG:example_xcom_args_with_operators
[2024-11-28T09:27:46.393+0000] {logging_mixin.py:150} INFO - [2024-11-28T09:27:46.393+0000] {dag.py:2742} INFO - Sync 2 DAGs
[2024-11-28T09:27:46.400+0000] {logging_mixin.py:150} INFO - [2024-11-28T09:27:46.400+0000] {dag.py:2763} INFO - Creating ORM DAG for example_xcom_args
[2024-11-28T09:27:46.400+0000] {logging_mixin.py:150} INFO - [2024-11-28T09:27:46.400+0000] {dag.py:2763} INFO - Creating ORM DAG for example_xcom_args_with_operators
[2024-11-28T09:27:46.406+0000] {logging_mixin.py:150} INFO - [2024-11-28T09:27:46.406+0000] {dag.py:3504} INFO - Setting next_dagrun for example_xcom_args to None, run_after=None
[2024-11-28T09:27:46.407+0000] {logging_mixin.py:150} INFO - [2024-11-28T09:27:46.406+0000] {dag.py:3504} INFO - Setting next_dagrun for example_xcom_args_with_operators to None, run_after=None
[2024-11-28T09:27:46.420+0000] {processor.py:179} INFO - Processing /home/vscode/.local/lib/python3.10/site-packages/airflow/example_dags/example_xcomargs.py took 0.280 seconds
[2024-11-28T09:28:37.133+0000] {processor.py:157} INFO - Started process (PID=2685) to work on /home/vscode/.local/lib/python3.10/site-packages/airflow/example_dags/example_xcomargs.py
[2024-11-28T09:28:37.134+0000] {processor.py:826} INFO - Processing file /home/vscode/.local/lib/python3.10/site-packages/airflow/example_dags/example_xcomargs.py for tasks to queue
[2024-11-28T09:28:37.135+0000] {logging_mixin.py:150} INFO - [2024-11-28T09:28:37.135+0000] {dagbag.py:541} INFO - Filling up the DagBag from /home/vscode/.local/lib/python3.10/site-packages/airflow/example_dags/example_xcomargs.py
[2024-11-28T09:28:37.144+0000] {processor.py:836} INFO - DAG(s) dict_keys(['example_xcom_args', 'example_xcom_args_with_operators']) retrieved from /home/vscode/.local/lib/python3.10/site-packages/airflow/example_dags/example_xcomargs.py
[2024-11-28T09:28:37.165+0000] {logging_mixin.py:150} INFO - [2024-11-28T09:28:37.164+0000] {dag.py:2742} INFO - Sync 2 DAGs
[2024-11-28T09:28:37.183+0000] {logging_mixin.py:150} INFO - [2024-11-28T09:28:37.183+0000] {dag.py:3504} INFO - Setting next_dagrun for example_xcom_args to None, run_after=None
[2024-11-28T09:28:37.186+0000] {logging_mixin.py:150} INFO - [2024-11-28T09:28:37.185+0000] {dag.py:3504} INFO - Setting next_dagrun for example_xcom_args_with_operators to None, run_after=None
[2024-11-28T09:28:37.199+0000] {processor.py:179} INFO - Processing /home/vscode/.local/lib/python3.10/site-packages/airflow/example_dags/example_xcomargs.py took 0.069 seconds
[2024-11-28T09:29:11.197+0000] {processor.py:157} INFO - Started process (PID=2988) to work on /home/vscode/.local/lib/python3.10/site-packages/airflow/example_dags/example_xcomargs.py
[2024-11-28T09:29:11.198+0000] {processor.py:826} INFO - Processing file /home/vscode/.local/lib/python3.10/site-packages/airflow/example_dags/example_xcomargs.py for tasks to queue
[2024-11-28T09:29:11.199+0000] {logging_mixin.py:150} INFO - [2024-11-28T09:29:11.198+0000] {dagbag.py:541} INFO - Filling up the DagBag from /home/vscode/.local/lib/python3.10/site-packages/airflow/example_dags/example_xcomargs.py
[2024-11-28T09:29:11.211+0000] {processor.py:836} INFO - DAG(s) dict_keys(['example_xcom_args_with_operators', 'example_xcom_args']) retrieved from /home/vscode/.local/lib/python3.10/site-packages/airflow/example_dags/example_xcomargs.py
[2024-11-28T09:29:11.228+0000] {logging_mixin.py:150} INFO - [2024-11-28T09:29:11.228+0000] {dag.py:2742} INFO - Sync 2 DAGs
[2024-11-28T09:29:11.243+0000] {logging_mixin.py:150} INFO - [2024-11-28T09:29:11.243+0000] {dag.py:3504} INFO - Setting next_dagrun for example_xcom_args to None, run_after=None
[2024-11-28T09:29:11.245+0000] {logging_mixin.py:150} INFO - [2024-11-28T09:29:11.245+0000] {dag.py:3504} INFO - Setting next_dagrun for example_xcom_args_with_operators to None, run_after=None
[2024-11-28T09:29:11.259+0000] {processor.py:179} INFO - Processing /home/vscode/.local/lib/python3.10/site-packages/airflow/example_dags/example_xcomargs.py took 0.065 seconds
