[2024-11-28T09:28:25.654+0000] {processor.py:157} INFO - Started process (PID=2556) to work on /home/vscode/.local/lib/python3.10/site-packages/airflow/example_dags/example_external_task_marker_dag.py
[2024-11-28T09:28:25.654+0000] {processor.py:826} INFO - Processing file /home/vscode/.local/lib/python3.10/site-packages/airflow/example_dags/example_external_task_marker_dag.py for tasks to queue
[2024-11-28T09:28:25.655+0000] {logging_mixin.py:150} INFO - [2024-11-28T09:28:25.655+0000] {dagbag.py:541} INFO - Filling up the DagBag from /home/vscode/.local/lib/python3.10/site-packages/airflow/example_dags/example_external_task_marker_dag.py
[2024-11-28T09:28:25.659+0000] {processor.py:836} INFO - DAG(s) dict_keys(['example_external_task_marker_parent', 'example_external_task_marker_child']) retrieved from /home/vscode/.local/lib/python3.10/site-packages/airflow/example_dags/example_external_task_marker_dag.py
[2024-11-28T09:28:25.733+0000] {logging_mixin.py:150} INFO - [2024-11-28T09:28:25.733+0000] {manager.py:504} INFO - Created Permission View: can read on DAG:example_external_task_marker_parent
[2024-11-28T09:28:25.741+0000] {logging_mixin.py:150} INFO - [2024-11-28T09:28:25.741+0000] {manager.py:504} INFO - Created Permission View: can edit on DAG:example_external_task_marker_parent
[2024-11-28T09:28:25.747+0000] {logging_mixin.py:150} INFO - [2024-11-28T09:28:25.747+0000] {manager.py:504} INFO - Created Permission View: can delete on DAG:example_external_task_marker_parent
[2024-11-28T09:28:25.768+0000] {logging_mixin.py:150} INFO - [2024-11-28T09:28:25.768+0000] {manager.py:504} INFO - Created Permission View: can read on DAG:example_external_task_marker_child
[2024-11-28T09:28:25.779+0000] {logging_mixin.py:150} INFO - [2024-11-28T09:28:25.779+0000] {manager.py:504} INFO - Created Permission View: can edit on DAG:example_external_task_marker_child
[2024-11-28T09:28:25.786+0000] {logging_mixin.py:150} INFO - [2024-11-28T09:28:25.786+0000] {manager.py:504} INFO - Created Permission View: can delete on DAG:example_external_task_marker_child
[2024-11-28T09:28:25.790+0000] {logging_mixin.py:150} INFO - [2024-11-28T09:28:25.790+0000] {dag.py:2742} INFO - Sync 2 DAGs
[2024-11-28T09:28:25.797+0000] {logging_mixin.py:150} INFO - [2024-11-28T09:28:25.797+0000] {dag.py:2763} INFO - Creating ORM DAG for example_external_task_marker_child
[2024-11-28T09:28:25.797+0000] {logging_mixin.py:150} INFO - [2024-11-28T09:28:25.797+0000] {dag.py:2763} INFO - Creating ORM DAG for example_external_task_marker_parent
[2024-11-28T09:28:25.804+0000] {logging_mixin.py:150} INFO - [2024-11-28T09:28:25.804+0000] {dag.py:3504} INFO - Setting next_dagrun for example_external_task_marker_child to None, run_after=None
[2024-11-28T09:28:25.805+0000] {logging_mixin.py:150} INFO - [2024-11-28T09:28:25.805+0000] {dag.py:3504} INFO - Setting next_dagrun for example_external_task_marker_parent to None, run_after=None
[2024-11-28T09:28:25.820+0000] {processor.py:179} INFO - Processing /home/vscode/.local/lib/python3.10/site-packages/airflow/example_dags/example_external_task_marker_dag.py took 0.169 seconds
[2024-11-28T09:29:15.155+0000] {processor.py:157} INFO - Started process (PID=3031) to work on /home/vscode/.local/lib/python3.10/site-packages/airflow/example_dags/example_external_task_marker_dag.py
[2024-11-28T09:29:15.156+0000] {processor.py:826} INFO - Processing file /home/vscode/.local/lib/python3.10/site-packages/airflow/example_dags/example_external_task_marker_dag.py for tasks to queue
[2024-11-28T09:29:15.156+0000] {logging_mixin.py:150} INFO - [2024-11-28T09:29:15.156+0000] {dagbag.py:541} INFO - Filling up the DagBag from /home/vscode/.local/lib/python3.10/site-packages/airflow/example_dags/example_external_task_marker_dag.py
[2024-11-28T09:29:15.161+0000] {processor.py:836} INFO - DAG(s) dict_keys(['example_external_task_marker_parent', 'example_external_task_marker_child']) retrieved from /home/vscode/.local/lib/python3.10/site-packages/airflow/example_dags/example_external_task_marker_dag.py
[2024-11-28T09:29:15.175+0000] {logging_mixin.py:150} INFO - [2024-11-28T09:29:15.175+0000] {dag.py:2742} INFO - Sync 2 DAGs
[2024-11-28T09:29:15.189+0000] {logging_mixin.py:150} INFO - [2024-11-28T09:29:15.189+0000] {dag.py:3504} INFO - Setting next_dagrun for example_external_task_marker_child to None, run_after=None
[2024-11-28T09:29:15.191+0000] {logging_mixin.py:150} INFO - [2024-11-28T09:29:15.191+0000] {dag.py:3504} INFO - Setting next_dagrun for example_external_task_marker_parent to None, run_after=None
[2024-11-28T09:29:15.206+0000] {processor.py:179} INFO - Processing /home/vscode/.local/lib/python3.10/site-packages/airflow/example_dags/example_external_task_marker_dag.py took 0.054 seconds
