[2024-11-28T09:27:50.218+0000] {processor.py:157} INFO - Started process (PID=2298) to work on /home/vscode/.local/lib/python3.10/site-packages/airflow/example_dags/example_time_delta_sensor_async.py
[2024-11-28T09:27:50.219+0000] {processor.py:826} INFO - Processing file /home/vscode/.local/lib/python3.10/site-packages/airflow/example_dags/example_time_delta_sensor_async.py for tasks to queue
[2024-11-28T09:27:50.220+0000] {logging_mixin.py:150} INFO - [2024-11-28T09:27:50.219+0000] {dagbag.py:541} INFO - Filling up the DagBag from /home/vscode/.local/lib/python3.10/site-packages/airflow/example_dags/example_time_delta_sensor_async.py
[2024-11-28T09:27:50.228+0000] {processor.py:836} INFO - DAG(s) dict_keys(['example_time_delta_sensor_async']) retrieved from /home/vscode/.local/lib/python3.10/site-packages/airflow/example_dags/example_time_delta_sensor_async.py
[2024-11-28T09:27:50.409+0000] {logging_mixin.py:150} INFO - [2024-11-28T09:27:50.408+0000] {manager.py:504} INFO - Created Permission View: can read on DAG:example_time_delta_sensor_async
[2024-11-28T09:27:50.417+0000] {logging_mixin.py:150} INFO - [2024-11-28T09:27:50.416+0000] {manager.py:504} INFO - Created Permission View: can edit on DAG:example_time_delta_sensor_async
[2024-11-28T09:27:50.429+0000] {logging_mixin.py:150} INFO - [2024-11-28T09:27:50.423+0000] {manager.py:504} INFO - Created Permission View: can delete on DAG:example_time_delta_sensor_async
[2024-11-28T09:27:50.445+0000] {logging_mixin.py:150} INFO - [2024-11-28T09:27:50.445+0000] {dag.py:2742} INFO - Sync 1 DAGs
[2024-11-28T09:27:50.453+0000] {logging_mixin.py:150} INFO - [2024-11-28T09:27:50.453+0000] {dag.py:2763} INFO - Creating ORM DAG for example_time_delta_sensor_async
[2024-11-28T09:27:50.459+0000] {logging_mixin.py:150} INFO - [2024-11-28T09:27:50.459+0000] {dag.py:3504} INFO - Setting next_dagrun for example_time_delta_sensor_async to None, run_after=None
[2024-11-28T09:27:50.478+0000] {processor.py:179} INFO - Processing /home/vscode/.local/lib/python3.10/site-packages/airflow/example_dags/example_time_delta_sensor_async.py took 0.263 seconds
[2024-11-28T09:28:40.277+0000] {processor.py:157} INFO - Started process (PID=2716) to work on /home/vscode/.local/lib/python3.10/site-packages/airflow/example_dags/example_time_delta_sensor_async.py
[2024-11-28T09:28:40.277+0000] {processor.py:826} INFO - Processing file /home/vscode/.local/lib/python3.10/site-packages/airflow/example_dags/example_time_delta_sensor_async.py for tasks to queue
[2024-11-28T09:28:40.278+0000] {logging_mixin.py:150} INFO - [2024-11-28T09:28:40.278+0000] {dagbag.py:541} INFO - Filling up the DagBag from /home/vscode/.local/lib/python3.10/site-packages/airflow/example_dags/example_time_delta_sensor_async.py
[2024-11-28T09:28:40.281+0000] {processor.py:836} INFO - DAG(s) dict_keys(['example_time_delta_sensor_async']) retrieved from /home/vscode/.local/lib/python3.10/site-packages/airflow/example_dags/example_time_delta_sensor_async.py
[2024-11-28T09:28:40.293+0000] {logging_mixin.py:150} INFO - [2024-11-28T09:28:40.292+0000] {dag.py:2742} INFO - Sync 1 DAGs
[2024-11-28T09:28:40.306+0000] {logging_mixin.py:150} INFO - [2024-11-28T09:28:40.306+0000] {dag.py:3504} INFO - Setting next_dagrun for example_time_delta_sensor_async to None, run_after=None
[2024-11-28T09:28:40.322+0000] {processor.py:179} INFO - Processing /home/vscode/.local/lib/python3.10/site-packages/airflow/example_dags/example_time_delta_sensor_async.py took 0.047 seconds
[2024-11-28T09:29:14.616+0000] {processor.py:157} INFO - Started process (PID=3025) to work on /home/vscode/.local/lib/python3.10/site-packages/airflow/example_dags/example_time_delta_sensor_async.py
[2024-11-28T09:29:14.616+0000] {processor.py:826} INFO - Processing file /home/vscode/.local/lib/python3.10/site-packages/airflow/example_dags/example_time_delta_sensor_async.py for tasks to queue
[2024-11-28T09:29:14.617+0000] {logging_mixin.py:150} INFO - [2024-11-28T09:29:14.617+0000] {dagbag.py:541} INFO - Filling up the DagBag from /home/vscode/.local/lib/python3.10/site-packages/airflow/example_dags/example_time_delta_sensor_async.py
[2024-11-28T09:29:14.620+0000] {processor.py:836} INFO - DAG(s) dict_keys(['example_time_delta_sensor_async']) retrieved from /home/vscode/.local/lib/python3.10/site-packages/airflow/example_dags/example_time_delta_sensor_async.py
[2024-11-28T09:29:14.632+0000] {logging_mixin.py:150} INFO - [2024-11-28T09:29:14.632+0000] {dag.py:2742} INFO - Sync 1 DAGs
[2024-11-28T09:29:14.645+0000] {logging_mixin.py:150} INFO - [2024-11-28T09:29:14.645+0000] {dag.py:3504} INFO - Setting next_dagrun for example_time_delta_sensor_async to None, run_after=None
[2024-11-28T09:29:14.660+0000] {processor.py:179} INFO - Processing /home/vscode/.local/lib/python3.10/site-packages/airflow/example_dags/example_time_delta_sensor_async.py took 0.046 seconds
