[2024-11-28T09:27:47.498+0000] {processor.py:157} INFO - Started process (PID=2270) to work on /home/vscode/.local/lib/python3.10/site-packages/airflow/example_dags/tutorial_dag.py
[2024-11-28T09:27:47.498+0000] {processor.py:826} INFO - Processing file /home/vscode/.local/lib/python3.10/site-packages/airflow/example_dags/tutorial_dag.py for tasks to queue
[2024-11-28T09:27:47.499+0000] {logging_mixin.py:150} INFO - [2024-11-28T09:27:47.498+0000] {dagbag.py:541} INFO - Filling up the DagBag from /home/vscode/.local/lib/python3.10/site-packages/airflow/example_dags/tutorial_dag.py
[2024-11-28T09:27:47.504+0000] {processor.py:836} INFO - DAG(s) dict_keys(['tutorial_dag']) retrieved from /home/vscode/.local/lib/python3.10/site-packages/airflow/example_dags/tutorial_dag.py
[2024-11-28T09:27:47.676+0000] {logging_mixin.py:150} INFO - [2024-11-28T09:27:47.676+0000] {manager.py:504} INFO - Created Permission View: can read on DAG:tutorial_dag
[2024-11-28T09:27:47.684+0000] {logging_mixin.py:150} INFO - [2024-11-28T09:27:47.684+0000] {manager.py:504} INFO - Created Permission View: can edit on DAG:tutorial_dag
[2024-11-28T09:27:47.690+0000] {logging_mixin.py:150} INFO - [2024-11-28T09:27:47.690+0000] {manager.py:504} INFO - Created Permission View: can delete on DAG:tutorial_dag
[2024-11-28T09:27:47.697+0000] {logging_mixin.py:150} INFO - [2024-11-28T09:27:47.697+0000] {dag.py:2742} INFO - Sync 1 DAGs
[2024-11-28T09:27:47.704+0000] {logging_mixin.py:150} INFO - [2024-11-28T09:27:47.704+0000] {dag.py:2763} INFO - Creating ORM DAG for tutorial_dag
[2024-11-28T09:27:47.710+0000] {logging_mixin.py:150} INFO - [2024-11-28T09:27:47.710+0000] {dag.py:3504} INFO - Setting next_dagrun for tutorial_dag to None, run_after=None
[2024-11-28T09:27:47.726+0000] {processor.py:179} INFO - Processing /home/vscode/.local/lib/python3.10/site-packages/airflow/example_dags/tutorial_dag.py took 0.231 seconds
[2024-11-28T09:28:38.272+0000] {processor.py:157} INFO - Started process (PID=2698) to work on /home/vscode/.local/lib/python3.10/site-packages/airflow/example_dags/tutorial_dag.py
[2024-11-28T09:28:38.273+0000] {processor.py:826} INFO - Processing file /home/vscode/.local/lib/python3.10/site-packages/airflow/example_dags/tutorial_dag.py for tasks to queue
[2024-11-28T09:28:38.273+0000] {logging_mixin.py:150} INFO - [2024-11-28T09:28:38.273+0000] {dagbag.py:541} INFO - Filling up the DagBag from /home/vscode/.local/lib/python3.10/site-packages/airflow/example_dags/tutorial_dag.py
[2024-11-28T09:28:38.277+0000] {processor.py:836} INFO - DAG(s) dict_keys(['tutorial_dag']) retrieved from /home/vscode/.local/lib/python3.10/site-packages/airflow/example_dags/tutorial_dag.py
[2024-11-28T09:28:38.293+0000] {logging_mixin.py:150} INFO - [2024-11-28T09:28:38.292+0000] {dag.py:2742} INFO - Sync 1 DAGs
[2024-11-28T09:28:38.309+0000] {logging_mixin.py:150} INFO - [2024-11-28T09:28:38.309+0000] {dag.py:3504} INFO - Setting next_dagrun for tutorial_dag to None, run_after=None
[2024-11-28T09:28:38.324+0000] {processor.py:179} INFO - Processing /home/vscode/.local/lib/python3.10/site-packages/airflow/example_dags/tutorial_dag.py took 0.054 seconds
[2024-11-28T09:29:12.329+0000] {processor.py:157} INFO - Started process (PID=2999) to work on /home/vscode/.local/lib/python3.10/site-packages/airflow/example_dags/tutorial_dag.py
[2024-11-28T09:29:12.330+0000] {processor.py:826} INFO - Processing file /home/vscode/.local/lib/python3.10/site-packages/airflow/example_dags/tutorial_dag.py for tasks to queue
[2024-11-28T09:29:12.330+0000] {logging_mixin.py:150} INFO - [2024-11-28T09:29:12.330+0000] {dagbag.py:541} INFO - Filling up the DagBag from /home/vscode/.local/lib/python3.10/site-packages/airflow/example_dags/tutorial_dag.py
[2024-11-28T09:29:12.334+0000] {processor.py:836} INFO - DAG(s) dict_keys(['tutorial_dag']) retrieved from /home/vscode/.local/lib/python3.10/site-packages/airflow/example_dags/tutorial_dag.py
[2024-11-28T09:29:12.346+0000] {logging_mixin.py:150} INFO - [2024-11-28T09:29:12.346+0000] {dag.py:2742} INFO - Sync 1 DAGs
[2024-11-28T09:29:12.360+0000] {logging_mixin.py:150} INFO - [2024-11-28T09:29:12.360+0000] {dag.py:3504} INFO - Setting next_dagrun for tutorial_dag to None, run_after=None
[2024-11-28T09:29:12.374+0000] {processor.py:179} INFO - Processing /home/vscode/.local/lib/python3.10/site-packages/airflow/example_dags/tutorial_dag.py took 0.048 seconds
